[2026-01-23 00:32:10.067 +01:00 INF] Démarrage de l'application FormatiX {"EnvironmentName":"Production","MachineName":"PC_JEY","ThreadId":2}
[2026-01-23 00:32:11.346 +01:00 INF] Base de données migrée avec succès {"SourceContext":"Program","EnvironmentName":"Production","MachineName":"PC_JEY","ThreadId":2}
[2026-01-23 00:32:11.788 +01:00 INF] Base de données initialisée avec succès {"SourceContext":"Program","EnvironmentName":"Production","MachineName":"PC_JEY","ThreadId":2}
[2026-01-23 00:32:11.790 +01:00 INF] Application FormatiX démarrée avec succès {"EnvironmentName":"Production","MachineName":"PC_JEY","ThreadId":2}
[2026-01-23 00:32:11.854 +01:00 ERR] Hosting failed to start {"EventId":{"Id":11,"Name":"HostedServiceStartupFaulted"},"SourceContext":"Microsoft.Extensions.Hosting.Internal.Host","EnvironmentName":"Production","MachineName":"PC_JEY","ThreadId":2}
System.IO.IOException: Failed to bind to address http://127.0.0.1:5000: address already in use.
 ---> Microsoft.AspNetCore.Connections.AddressInUseException: Une seule utilisation de chaque adresse de socket (protocole/adresse réseau/port) est habituellement autorisée.
 ---> System.Net.Sockets.SocketException (10048): Une seule utilisation de chaque adresse de socket (protocole/adresse réseau/port) est habituellement autorisée.
   at System.Net.Sockets.Socket.UpdateStatusAfterSocketErrorAndThrowException(SocketError error, Boolean disconnectOnFailure, String callerName)
   at System.Net.Sockets.Socket.DoBind(EndPoint endPointSnapshot, SocketAddress socketAddress)
   at System.Net.Sockets.Socket.Bind(EndPoint localEP)
   at Microsoft.AspNetCore.Server.Kestrel.Transport.Sockets.SocketTransportOptions.CreateDefaultBoundListenSocket(EndPoint endpoint)
   at Microsoft.AspNetCore.Server.Kestrel.Transport.Sockets.SocketConnectionListener.Bind()
   --- End of inner exception stack trace ---
   at Microsoft.AspNetCore.Server.Kestrel.Transport.Sockets.SocketConnectionListener.Bind()
   at Microsoft.AspNetCore.Server.Kestrel.Transport.Sockets.SocketTransportFactory.BindAsync(EndPoint endpoint, CancellationToken cancellationToken)
   at Microsoft.AspNetCore.Server.Kestrel.Core.Internal.Infrastructure.TransportManager.BindAsync(EndPoint endPoint, ConnectionDelegate connectionDelegate, EndpointConfig endpointConfig, CancellationToken cancellationToken)
   at Microsoft.AspNetCore.Server.Kestrel.Core.KestrelServerImpl.<>c__DisplayClass28_0`1.<<StartAsync>g__OnBind|0>d.MoveNext()
--- End of stack trace from previous location ---
   at Microsoft.AspNetCore.Server.Kestrel.Core.Internal.AddressBinder.BindEndpointAsync(ListenOptions endpoint, AddressBindContext context, CancellationToken cancellationToken)
   --- End of inner exception stack trace ---
   at Microsoft.AspNetCore.Server.Kestrel.Core.Internal.AddressBinder.BindEndpointAsync(ListenOptions endpoint, AddressBindContext context, CancellationToken cancellationToken)
   at Microsoft.AspNetCore.Server.Kestrel.Core.LocalhostListenOptions.BindAsync(AddressBindContext context, CancellationToken cancellationToken)
   at Microsoft.AspNetCore.Server.Kestrel.Core.Internal.AddressBinder.DefaultAddressStrategy.BindAsync(AddressBindContext context, CancellationToken cancellationToken)
   at Microsoft.AspNetCore.Server.Kestrel.Core.KestrelServerImpl.BindAsync(CancellationToken cancellationToken)
   at Microsoft.AspNetCore.Server.Kestrel.Core.KestrelServerImpl.StartAsync[TContext](IHttpApplication`1 application, CancellationToken cancellationToken)
   at Microsoft.AspNetCore.Hosting.GenericWebHostService.StartAsync(CancellationToken cancellationToken)
   at Microsoft.Extensions.Hosting.Internal.Host.<StartAsync>b__14_1(IHostedService service, CancellationToken token)
   at Microsoft.Extensions.Hosting.Internal.Host.ForeachService[T](IEnumerable`1 services, CancellationToken token, Boolean concurrent, Boolean abortOnFirstException, List`1 exceptions, Func`3 operation)
[2026-01-23 00:32:11.865 +01:00 FTL] Application arrêtée de manière inattendue {"EnvironmentName":"Production","MachineName":"PC_JEY","ThreadId":2}
System.IO.IOException: Failed to bind to address http://127.0.0.1:5000: address already in use.
 ---> Microsoft.AspNetCore.Connections.AddressInUseException: Une seule utilisation de chaque adresse de socket (protocole/adresse réseau/port) est habituellement autorisée.
 ---> System.Net.Sockets.SocketException (10048): Une seule utilisation de chaque adresse de socket (protocole/adresse réseau/port) est habituellement autorisée.
   at System.Net.Sockets.Socket.UpdateStatusAfterSocketErrorAndThrowException(SocketError error, Boolean disconnectOnFailure, String callerName)
   at System.Net.Sockets.Socket.DoBind(EndPoint endPointSnapshot, SocketAddress socketAddress)
   at System.Net.Sockets.Socket.Bind(EndPoint localEP)
   at Microsoft.AspNetCore.Server.Kestrel.Transport.Sockets.SocketTransportOptions.CreateDefaultBoundListenSocket(EndPoint endpoint)
   at Microsoft.AspNetCore.Server.Kestrel.Transport.Sockets.SocketConnectionListener.Bind()
   --- End of inner exception stack trace ---
   at Microsoft.AspNetCore.Server.Kestrel.Transport.Sockets.SocketConnectionListener.Bind()
   at Microsoft.AspNetCore.Server.Kestrel.Transport.Sockets.SocketTransportFactory.BindAsync(EndPoint endpoint, CancellationToken cancellationToken)
   at Microsoft.AspNetCore.Server.Kestrel.Core.Internal.Infrastructure.TransportManager.BindAsync(EndPoint endPoint, ConnectionDelegate connectionDelegate, EndpointConfig endpointConfig, CancellationToken cancellationToken)
   at Microsoft.AspNetCore.Server.Kestrel.Core.KestrelServerImpl.<>c__DisplayClass28_0`1.<<StartAsync>g__OnBind|0>d.MoveNext()
--- End of stack trace from previous location ---
   at Microsoft.AspNetCore.Server.Kestrel.Core.Internal.AddressBinder.BindEndpointAsync(ListenOptions endpoint, AddressBindContext context, CancellationToken cancellationToken)
   --- End of inner exception stack trace ---
   at Microsoft.AspNetCore.Server.Kestrel.Core.Internal.AddressBinder.BindEndpointAsync(ListenOptions endpoint, AddressBindContext context, CancellationToken cancellationToken)
   at Microsoft.AspNetCore.Server.Kestrel.Core.LocalhostListenOptions.BindAsync(AddressBindContext context, CancellationToken cancellationToken)
   at Microsoft.AspNetCore.Server.Kestrel.Core.Internal.AddressBinder.DefaultAddressStrategy.BindAsync(AddressBindContext context, CancellationToken cancellationToken)
   at Microsoft.AspNetCore.Server.Kestrel.Core.KestrelServerImpl.BindAsync(CancellationToken cancellationToken)
   at Microsoft.AspNetCore.Server.Kestrel.Core.KestrelServerImpl.StartAsync[TContext](IHttpApplication`1 application, CancellationToken cancellationToken)
   at Microsoft.AspNetCore.Hosting.GenericWebHostService.StartAsync(CancellationToken cancellationToken)
   at Microsoft.Extensions.Hosting.Internal.Host.<StartAsync>b__14_1(IHostedService service, CancellationToken token)
   at Microsoft.Extensions.Hosting.Internal.Host.ForeachService[T](IEnumerable`1 services, CancellationToken token, Boolean concurrent, Boolean abortOnFirstException, List`1 exceptions, Func`3 operation)
   at Microsoft.Extensions.Hosting.Internal.Host.StartAsync(CancellationToken cancellationToken)
   at Microsoft.Extensions.Hosting.HostingAbstractionsHostExtensions.RunAsync(IHost host, CancellationToken token)
   at Microsoft.Extensions.Hosting.HostingAbstractionsHostExtensions.RunAsync(IHost host, CancellationToken token)
   at Microsoft.Extensions.Hosting.HostingAbstractionsHostExtensions.Run(IHost host)
   at Program.<Main>$(String[] args) in C:\AI\Opagax\Program.cs:line 232
[2026-01-23 00:34:22.208 +01:00 INF] Démarrage de l'application FormatiX {"EnvironmentName":"Production","MachineName":"PC_JEY","ThreadId":2}
[2026-01-23 00:34:23.774 +01:00 INF] Base de données migrée avec succès {"SourceContext":"Program","EnvironmentName":"Production","MachineName":"PC_JEY","ThreadId":2}
[2026-01-23 00:34:24.212 +01:00 INF] Base de données initialisée avec succès {"SourceContext":"Program","EnvironmentName":"Production","MachineName":"PC_JEY","ThreadId":2}
[2026-01-23 00:34:24.214 +01:00 INF] Application FormatiX démarrée avec succès {"EnvironmentName":"Production","MachineName":"PC_JEY","ThreadId":2}
[2026-01-23 00:34:24.277 +01:00 INF] Now listening on: http://localhost:5000 {"EventId":{"Id":14,"Name":"ListeningOnAddress"},"SourceContext":"Microsoft.Hosting.Lifetime","EnvironmentName":"Production","MachineName":"PC_JEY","ThreadId":2}
[2026-01-23 00:34:24.278 +01:00 INF] Application started. Press Ctrl+C to shut down. {"SourceContext":"Microsoft.Hosting.Lifetime","EnvironmentName":"Production","MachineName":"PC_JEY","ThreadId":2}
[2026-01-23 00:34:24.278 +01:00 INF] Hosting environment: Production {"SourceContext":"Microsoft.Hosting.Lifetime","EnvironmentName":"Production","MachineName":"PC_JEY","ThreadId":2}
[2026-01-23 00:34:24.279 +01:00 INF] Content root path: C:\AI\Opagax {"SourceContext":"Microsoft.Hosting.Lifetime","EnvironmentName":"Production","MachineName":"PC_JEY","ThreadId":2}
[2026-01-23 00:35:40.685 +01:00 WRN] Failed to determine the https port for redirect. {"EventId":{"Id":3,"Name":"FailedToDeterminePort"},"SourceContext":"Microsoft.AspNetCore.HttpsPolicy.HttpsRedirectionMiddleware","RequestId":"0HNIQ1RQ3HKKA:00000001","RequestPath":"/Sessions/Create","ConnectionId":"0HNIQ1RQ3HKKA","EnvironmentName":"Production","MachineName":"PC_JEY","ThreadId":11}
[2026-01-23 00:35:41.117 +01:00 INF] HTTP GET /Sessions/Create responded 200 in 431.9802 ms {"SourceContext":"Serilog.AspNetCore.RequestLoggingMiddleware","RequestId":"0HNIQ1RQ3HKKA:00000001","ConnectionId":"0HNIQ1RQ3HKKA","EnvironmentName":"Production","MachineName":"PC_JEY","ThreadId":11}
[2026-01-23 00:35:41.148 +01:00 INF] HTTP GET /.well-known/appspecific/com.chrome.devtools.json responded 404 in 10.9301 ms {"SourceContext":"Serilog.AspNetCore.RequestLoggingMiddleware","RequestId":"0HNIQ1RQ3HKKA:00000002","ConnectionId":"0HNIQ1RQ3HKKA","EnvironmentName":"Production","MachineName":"PC_JEY","ThreadId":3}
[2026-01-23 00:35:41.328 +01:00 INF] HTTP GET /icon.png responded 200 in 8.4729 ms {"SourceContext":"Serilog.AspNetCore.RequestLoggingMiddleware","RequestId":"0HNIQ1RQ3HKKA:00000003","ConnectionId":"0HNIQ1RQ3HKKA","EnvironmentName":"Production","MachineName":"PC_JEY","ThreadId":11}
[2026-01-23 00:36:05.577 +01:00 INF] HTTP POST /Sessions/Create responded 200 in 140.2157 ms {"SourceContext":"Serilog.AspNetCore.RequestLoggingMiddleware","RequestId":"0HNIQ1RQ3HKKA:00000004","ConnectionId":"0HNIQ1RQ3HKKA","EnvironmentName":"Production","MachineName":"PC_JEY","ThreadId":10}
[2026-01-23 00:36:05.597 +01:00 INF] HTTP GET /.well-known/appspecific/com.chrome.devtools.json responded 404 in 1.0749 ms {"SourceContext":"Serilog.AspNetCore.RequestLoggingMiddleware","RequestId":"0HNIQ1RQ3HKKA:00000005","ConnectionId":"0HNIQ1RQ3HKKA","EnvironmentName":"Production","MachineName":"PC_JEY","ThreadId":10}
[2026-01-23 00:36:19.324 +01:00 INF] HTTP POST /Sessions/Create responded 200 in 17.7386 ms {"SourceContext":"Serilog.AspNetCore.RequestLoggingMiddleware","RequestId":"0HNIQ1RQ3HKKA:00000006","ConnectionId":"0HNIQ1RQ3HKKA","EnvironmentName":"Production","MachineName":"PC_JEY","ThreadId":15}
[2026-01-23 00:36:19.361 +01:00 INF] HTTP GET /.well-known/appspecific/com.chrome.devtools.json responded 404 in 0.8058 ms {"SourceContext":"Serilog.AspNetCore.RequestLoggingMiddleware","RequestId":"0HNIQ1RQ3HKKA:00000007","ConnectionId":"0HNIQ1RQ3HKKA","EnvironmentName":"Production","MachineName":"PC_JEY","ThreadId":15}
