[2026-02-03 00:11:52.906 +01:00 INF] HTTP GET / responded 200 in 364.4925 ms {"SourceContext":"Serilog.AspNetCore.RequestLoggingMiddleware","RequestId":"0HNJ2L2OJ11DN:00000001","ConnectionId":"0HNJ2L2OJ11DN","EnvironmentName":"Production","MachineName":"PC_JEY","ThreadId":25}
[2026-02-03 00:11:52.939 +01:00 INF] HTTP GET /css/opagax-custom.css responded 304 in 2.7732 ms {"SourceContext":"Serilog.AspNetCore.RequestLoggingMiddleware","RequestId":"0HNJ2L2OJ11DN:00000002","ConnectionId":"0HNJ2L2OJ11DN","EnvironmentName":"Production","MachineName":"PC_JEY","ThreadId":25}
[2026-02-03 00:11:52.951 +01:00 INF] HTTP GET /js/opagax.js responded 304 in 0.5379 ms {"SourceContext":"Serilog.AspNetCore.RequestLoggingMiddleware","RequestId":"0HNJ2L2OJ11DO:00000001","ConnectionId":"0HNJ2L2OJ11DO","EnvironmentName":"Production","MachineName":"PC_JEY","ThreadId":26}
[2026-02-03 00:26:03.993 +01:00 INF] HTTP GET /Settings responded 200 in 122.2873 ms {"SourceContext":"Serilog.AspNetCore.RequestLoggingMiddleware","RequestId":"0HNJ2L2OJ11DP:00000001","ConnectionId":"0HNJ2L2OJ11DP","EnvironmentName":"Production","MachineName":"PC_JEY","ThreadId":28}
[2026-02-03 00:26:04.039 +01:00 INF] HTTP GET /css/opagax-custom.css responded 304 in 0.2550 ms {"SourceContext":"Serilog.AspNetCore.RequestLoggingMiddleware","RequestId":"0HNJ2L2OJ11DP:00000002","ConnectionId":"0HNJ2L2OJ11DP","EnvironmentName":"Production","MachineName":"PC_JEY","ThreadId":28}
[2026-02-03 00:26:04.040 +01:00 INF] HTTP GET /js/opagax.js responded 304 in 0.1783 ms {"SourceContext":"Serilog.AspNetCore.RequestLoggingMiddleware","RequestId":"0HNJ2L2OJ11DQ:00000001","ConnectionId":"0HNJ2L2OJ11DQ","EnvironmentName":"Production","MachineName":"PC_JEY","ThreadId":28}
[2026-02-03 00:26:22.668 +01:00 INF] HTTP POST /Settings/ResetUserPassword responded 302 in 159.1000 ms {"SourceContext":"Serilog.AspNetCore.RequestLoggingMiddleware","RequestId":"0HNJ2L2OJ11DQ:00000002","ConnectionId":"0HNJ2L2OJ11DQ","EnvironmentName":"Production","MachineName":"PC_JEY","ThreadId":32}
[2026-02-03 00:26:22.677 +01:00 INF] HTTP GET /Settings responded 200 in 5.7713 ms {"SourceContext":"Serilog.AspNetCore.RequestLoggingMiddleware","RequestId":"0HNJ2L2OJ11DQ:00000003","ConnectionId":"0HNJ2L2OJ11DQ","EnvironmentName":"Production","MachineName":"PC_JEY","ThreadId":28}
[2026-02-03 00:26:35.787 +01:00 INF] HTTP POST /Settings/DeleteUser responded 302 in 37.4389 ms {"SourceContext":"Serilog.AspNetCore.RequestLoggingMiddleware","RequestId":"0HNJ2L2OJ11DQ:00000004","ConnectionId":"0HNJ2L2OJ11DQ","EnvironmentName":"Production","MachineName":"PC_JEY","ThreadId":32}
[2026-02-03 00:26:35.797 +01:00 INF] HTTP GET /Settings responded 200 in 5.7542 ms {"SourceContext":"Serilog.AspNetCore.RequestLoggingMiddleware","RequestId":"0HNJ2L2OJ11DQ:00000005","ConnectionId":"0HNJ2L2OJ11DQ","EnvironmentName":"Production","MachineName":"PC_JEY","ThreadId":32}
[2026-02-03 00:26:46.814 +01:00 INF] HTTP POST /Settings/UpdateUser responded 302 in 57.2191 ms {"SourceContext":"Serilog.AspNetCore.RequestLoggingMiddleware","RequestId":"0HNJ2L2OJ11DQ:00000006","ConnectionId":"0HNJ2L2OJ11DQ","EnvironmentName":"Production","MachineName":"PC_JEY","ThreadId":32}
[2026-02-03 00:26:46.820 +01:00 INF] HTTP GET /Settings responded 200 in 2.5592 ms {"SourceContext":"Serilog.AspNetCore.RequestLoggingMiddleware","RequestId":"0HNJ2L2OJ11DQ:00000007","ConnectionId":"0HNJ2L2OJ11DQ","EnvironmentName":"Production","MachineName":"PC_JEY","ThreadId":32}
[2026-02-03 00:26:50.297 +01:00 INF] HTTP GET / responded 200 in 11.0197 ms {"SourceContext":"Serilog.AspNetCore.RequestLoggingMiddleware","RequestId":"0HNJ2L2OJ11DQ:00000008","ConnectionId":"0HNJ2L2OJ11DQ","EnvironmentName":"Production","MachineName":"PC_JEY","ThreadId":32}
[2026-02-03 00:26:55.668 +01:00 INF] HTTP GET /Admin/Dashboard responded 200 in 209.6780 ms {"SourceContext":"Serilog.AspNetCore.RequestLoggingMiddleware","RequestId":"0HNJ2L2OJ11DQ:00000009","ConnectionId":"0HNJ2L2OJ11DQ","EnvironmentName":"Production","MachineName":"PC_JEY","ThreadId":32}
[2026-02-03 00:26:56.787 +01:00 INF] HTTP GET /Admin/Diagnostics responded 200 in 33.8928 ms {"SourceContext":"Serilog.AspNetCore.RequestLoggingMiddleware","RequestId":"0HNJ2L2OJ11DQ:0000000A","ConnectionId":"0HNJ2L2OJ11DQ","EnvironmentName":"Production","MachineName":"PC_JEY","ThreadId":28}
[2026-02-03 00:27:08.419 +01:00 INF] HTTP GET /Formations responded 200 in 48.3370 ms {"SourceContext":"Serilog.AspNetCore.RequestLoggingMiddleware","RequestId":"0HNJ2L2OJ11DQ:0000000B","ConnectionId":"0HNJ2L2OJ11DQ","EnvironmentName":"Production","MachineName":"PC_JEY","ThreadId":32}
[2026-02-03 00:27:10.455 +01:00 INF] HTTP GET /Admin/Dashboard responded 200 in 11.9605 ms {"SourceContext":"Serilog.AspNetCore.RequestLoggingMiddleware","RequestId":"0HNJ2L2OJ11DQ:0000000C","ConnectionId":"0HNJ2L2OJ11DQ","EnvironmentName":"Production","MachineName":"PC_JEY","ThreadId":32}
[2026-02-03 00:27:11.575 +01:00 INF] HTTP GET /Admin/Diagnostics responded 200 in 13.4523 ms {"SourceContext":"Serilog.AspNetCore.RequestLoggingMiddleware","RequestId":"0HNJ2L2OJ11DQ:0000000D","ConnectionId":"0HNJ2L2OJ11DQ","EnvironmentName":"Production","MachineName":"PC_JEY","ThreadId":28}
[2026-02-03 00:34:25.305 +01:00 INF] HTTP GET /Admin/Diagnostics responded 200 in 8.9397 ms {"SourceContext":"Serilog.AspNetCore.RequestLoggingMiddleware","RequestId":"0HNJ2L2OJ11DR:00000001","ConnectionId":"0HNJ2L2OJ11DR","EnvironmentName":"Production","MachineName":"PC_JEY","ThreadId":38}
[2026-02-03 00:34:25.389 +01:00 INF] HTTP GET /icon.png responded 200 in 17.5033 ms {"SourceContext":"Serilog.AspNetCore.RequestLoggingMiddleware","RequestId":"0HNJ2L2OJ11DR:00000002","ConnectionId":"0HNJ2L2OJ11DR","EnvironmentName":"Production","MachineName":"PC_JEY","ThreadId":35}
[2026-02-03 00:34:31.730 +01:00 INF] HTTP GET /Admin/Diagnostics responded 200 in 4.0809 ms {"SourceContext":"Serilog.AspNetCore.RequestLoggingMiddleware","RequestId":"0HNJ2L2OJ11DR:00000003","ConnectionId":"0HNJ2L2OJ11DR","EnvironmentName":"Production","MachineName":"PC_JEY","ThreadId":39}
[2026-02-03 00:34:31.752 +01:00 INF] HTTP GET /css/opagax-custom.css responded 200 in 1.4725 ms {"SourceContext":"Serilog.AspNetCore.RequestLoggingMiddleware","RequestId":"0HNJ2L2OJ11DR:00000004","ConnectionId":"0HNJ2L2OJ11DR","EnvironmentName":"Production","MachineName":"PC_JEY","ThreadId":39}
[2026-02-03 00:34:31.753 +01:00 INF] HTTP GET /js/opagax.js responded 200 in 1.1156 ms {"SourceContext":"Serilog.AspNetCore.RequestLoggingMiddleware","RequestId":"0HNJ2L2OJ11DS:00000001","ConnectionId":"0HNJ2L2OJ11DS","EnvironmentName":"Production","MachineName":"PC_JEY","ThreadId":35}
[2026-02-03 00:34:31.863 +01:00 INF] HTTP GET /icon.png responded 200 in 0.9711 ms {"SourceContext":"Serilog.AspNetCore.RequestLoggingMiddleware","RequestId":"0HNJ2L2OJ11DS:00000002","ConnectionId":"0HNJ2L2OJ11DS","EnvironmentName":"Production","MachineName":"PC_JEY","ThreadId":39}
