[2026-01-23 00:01:51.413 +01:00 INF] Démarrage de l'application FormatiX {"EnvironmentName":"Production","MachineName":"PC_JEY","ThreadId":2}
[2026-01-23 00:01:52.657 +01:00 INF] Base de données migrée avec succès {"SourceContext":"Program","EnvironmentName":"Production","MachineName":"PC_JEY","ThreadId":2}
[2026-01-23 00:01:53.039 +01:00 INF] Base de données initialisée avec succès {"SourceContext":"Program","EnvironmentName":"Production","MachineName":"PC_JEY","ThreadId":2}
[2026-01-23 00:01:53.043 +01:00 INF] Application FormatiX démarrée avec succès {"EnvironmentName":"Production","MachineName":"PC_JEY","ThreadId":2}
[2026-01-23 00:01:53.107 +01:00 INF] Now listening on: http://localhost:5000 {"EventId":{"Id":14,"Name":"ListeningOnAddress"},"SourceContext":"Microsoft.Hosting.Lifetime","EnvironmentName":"Production","MachineName":"PC_JEY","ThreadId":2}
[2026-01-23 00:01:53.108 +01:00 INF] Application started. Press Ctrl+C to shut down. {"SourceContext":"Microsoft.Hosting.Lifetime","EnvironmentName":"Production","MachineName":"PC_JEY","ThreadId":2}
[2026-01-23 00:01:53.109 +01:00 INF] Hosting environment: Production {"SourceContext":"Microsoft.Hosting.Lifetime","EnvironmentName":"Production","MachineName":"PC_JEY","ThreadId":2}
[2026-01-23 00:01:53.109 +01:00 INF] Content root path: C:\AI\Opagax {"SourceContext":"Microsoft.Hosting.Lifetime","EnvironmentName":"Production","MachineName":"PC_JEY","ThreadId":2}
[2026-01-23 00:02:44.720 +01:00 WRN] Failed to determine the https port for redirect. {"EventId":{"Id":3,"Name":"FailedToDeterminePort"},"SourceContext":"Microsoft.AspNetCore.HttpsPolicy.HttpsRedirectionMiddleware","RequestId":"0HNIQ19D77IDG:00000001","RequestPath":"/Formateurs","ConnectionId":"0HNIQ19D77IDG","EnvironmentName":"Production","MachineName":"PC_JEY","ThreadId":11}
[2026-01-23 00:02:45.020 +01:00 INF] HTTP GET /Formateurs responded 200 in 300.3297 ms {"SourceContext":"Serilog.AspNetCore.RequestLoggingMiddleware","RequestId":"0HNIQ19D77IDG:00000001","ConnectionId":"0HNIQ19D77IDG","EnvironmentName":"Production","MachineName":"PC_JEY","ThreadId":11}
[2026-01-23 00:02:45.063 +01:00 INF] HTTP GET /.well-known/appspecific/com.chrome.devtools.json responded 404 in 10.6570 ms {"SourceContext":"Serilog.AspNetCore.RequestLoggingMiddleware","RequestId":"0HNIQ19D77IDG:00000002","ConnectionId":"0HNIQ19D77IDG","EnvironmentName":"Production","MachineName":"PC_JEY","ThreadId":11}
[2026-01-23 00:02:45.214 +01:00 INF] HTTP GET /icon.png responded 200 in 9.4732 ms {"SourceContext":"Serilog.AspNetCore.RequestLoggingMiddleware","RequestId":"0HNIQ19D77IDG:00000003","ConnectionId":"0HNIQ19D77IDG","EnvironmentName":"Production","MachineName":"PC_JEY","ThreadId":12}
[2026-01-23 00:02:47.676 +01:00 INF] HTTP GET /Formateurs/Create responded 200 in 196.9023 ms {"SourceContext":"Serilog.AspNetCore.RequestLoggingMiddleware","RequestId":"0HNIQ19D77IDG:00000004","ConnectionId":"0HNIQ19D77IDG","EnvironmentName":"Production","MachineName":"PC_JEY","ThreadId":11}
[2026-01-23 00:02:47.698 +01:00 INF] HTTP GET /.well-known/appspecific/com.chrome.devtools.json responded 404 in 0.9559 ms {"SourceContext":"Serilog.AspNetCore.RequestLoggingMiddleware","RequestId":"0HNIQ19D77IDG:00000005","ConnectionId":"0HNIQ19D77IDG","EnvironmentName":"Production","MachineName":"PC_JEY","ThreadId":11}
[2026-01-23 00:06:29.157 +01:00 INF] HTTP POST /Formateurs/Create responded 200 in 89.3848 ms {"SourceContext":"Serilog.AspNetCore.RequestLoggingMiddleware","RequestId":"0HNIQ19D77IDI:00000001","ConnectionId":"0HNIQ19D77IDI","EnvironmentName":"Production","MachineName":"PC_JEY","ThreadId":24}
[2026-01-23 00:06:29.189 +01:00 INF] HTTP GET /.well-known/appspecific/com.chrome.devtools.json responded 404 in 1.7580 ms {"SourceContext":"Serilog.AspNetCore.RequestLoggingMiddleware","RequestId":"0HNIQ19D77IDI:00000002","ConnectionId":"0HNIQ19D77IDI","EnvironmentName":"Production","MachineName":"PC_JEY","ThreadId":22}
[2026-01-23 00:11:24.729 +01:00 INF] Démarrage de l'application FormatiX {"EnvironmentName":"Production","MachineName":"PC_JEY","ThreadId":2}
[2026-01-23 00:11:26.367 +01:00 INF] Base de données migrée avec succès {"SourceContext":"Program","EnvironmentName":"Production","MachineName":"PC_JEY","ThreadId":2}
[2026-01-23 00:11:26.902 +01:00 INF] Base de données initialisée avec succès {"SourceContext":"Program","EnvironmentName":"Production","MachineName":"PC_JEY","ThreadId":2}
[2026-01-23 00:11:26.904 +01:00 INF] Application FormatiX démarrée avec succès {"EnvironmentName":"Production","MachineName":"PC_JEY","ThreadId":2}
[2026-01-23 00:11:26.982 +01:00 INF] Now listening on: http://localhost:5000 {"EventId":{"Id":14,"Name":"ListeningOnAddress"},"SourceContext":"Microsoft.Hosting.Lifetime","EnvironmentName":"Production","MachineName":"PC_JEY","ThreadId":2}
[2026-01-23 00:11:26.984 +01:00 INF] Application started. Press Ctrl+C to shut down. {"SourceContext":"Microsoft.Hosting.Lifetime","EnvironmentName":"Production","MachineName":"PC_JEY","ThreadId":2}
[2026-01-23 00:11:26.985 +01:00 INF] Hosting environment: Production {"SourceContext":"Microsoft.Hosting.Lifetime","EnvironmentName":"Production","MachineName":"PC_JEY","ThreadId":2}
[2026-01-23 00:11:26.985 +01:00 INF] Content root path: C:\AI\Opagax {"SourceContext":"Microsoft.Hosting.Lifetime","EnvironmentName":"Production","MachineName":"PC_JEY","ThreadId":2}
[2026-01-23 00:12:27.574 +01:00 WRN] Failed to determine the https port for redirect. {"EventId":{"Id":3,"Name":"FailedToDeterminePort"},"SourceContext":"Microsoft.AspNetCore.HttpsPolicy.HttpsRedirectionMiddleware","RequestId":"0HNIQ1EQTNJ0N:00000001","RequestPath":"/Formateurs/Create","ConnectionId":"0HNIQ1EQTNJ0N","EnvironmentName":"Production","MachineName":"PC_JEY","ThreadId":13}
[2026-01-23 00:12:27.964 +01:00 INF] HTTP POST /Formateurs/Create responded 200 in 391.2236 ms {"SourceContext":"Serilog.AspNetCore.RequestLoggingMiddleware","RequestId":"0HNIQ1EQTNJ0N:00000001","ConnectionId":"0HNIQ1EQTNJ0N","EnvironmentName":"Production","MachineName":"PC_JEY","ThreadId":13}
[2026-01-23 00:12:28.006 +01:00 INF] HTTP GET /.well-known/appspecific/com.chrome.devtools.json responded 404 in 8.2932 ms {"SourceContext":"Serilog.AspNetCore.RequestLoggingMiddleware","RequestId":"0HNIQ1EQTNJ0N:00000002","ConnectionId":"0HNIQ1EQTNJ0N","EnvironmentName":"Production","MachineName":"PC_JEY","ThreadId":13}
[2026-01-23 00:12:38.429 +01:00 INF] HTTP GET /Settings responded 200 in 157.2088 ms {"SourceContext":"Serilog.AspNetCore.RequestLoggingMiddleware","RequestId":"0HNIQ1EQTNJ0N:00000003","ConnectionId":"0HNIQ1EQTNJ0N","EnvironmentName":"Production","MachineName":"PC_JEY","ThreadId":14}
[2026-01-23 00:12:38.457 +01:00 INF] HTTP GET /.well-known/appspecific/com.chrome.devtools.json responded 404 in 1.0163 ms {"SourceContext":"Serilog.AspNetCore.RequestLoggingMiddleware","RequestId":"0HNIQ1EQTNJ0N:00000004","ConnectionId":"0HNIQ1EQTNJ0N","EnvironmentName":"Production","MachineName":"PC_JEY","ThreadId":14}
[2026-01-23 00:16:15.567 +01:00 INF] Démarrage de l'application FormatiX {"EnvironmentName":"Production","MachineName":"PC_JEY","ThreadId":2}
[2026-01-23 00:16:17.294 +01:00 INF] Base de données migrée avec succès {"SourceContext":"Program","EnvironmentName":"Production","MachineName":"PC_JEY","ThreadId":2}
[2026-01-23 00:16:17.876 +01:00 INF] Base de données initialisée avec succès {"SourceContext":"Program","EnvironmentName":"Production","MachineName":"PC_JEY","ThreadId":2}
[2026-01-23 00:16:17.878 +01:00 INF] Application FormatiX démarrée avec succès {"EnvironmentName":"Production","MachineName":"PC_JEY","ThreadId":2}
[2026-01-23 00:16:17.949 +01:00 INF] Now listening on: http://localhost:5000 {"EventId":{"Id":14,"Name":"ListeningOnAddress"},"SourceContext":"Microsoft.Hosting.Lifetime","EnvironmentName":"Production","MachineName":"PC_JEY","ThreadId":2}
[2026-01-23 00:16:17.950 +01:00 INF] Application started. Press Ctrl+C to shut down. {"SourceContext":"Microsoft.Hosting.Lifetime","EnvironmentName":"Production","MachineName":"PC_JEY","ThreadId":2}
[2026-01-23 00:16:17.951 +01:00 INF] Hosting environment: Production {"SourceContext":"Microsoft.Hosting.Lifetime","EnvironmentName":"Production","MachineName":"PC_JEY","ThreadId":2}
[2026-01-23 00:16:17.951 +01:00 INF] Content root path: C:\AI\Opagax {"SourceContext":"Microsoft.Hosting.Lifetime","EnvironmentName":"Production","MachineName":"PC_JEY","ThreadId":2}
[2026-01-23 00:16:47.005 +01:00 WRN] Failed to determine the https port for redirect. {"EventId":{"Id":3,"Name":"FailedToDeterminePort"},"SourceContext":"Microsoft.AspNetCore.HttpsPolicy.HttpsRedirectionMiddleware","RequestId":"0HNIQ1H875MAM:00000001","RequestPath":"/Formateurs","ConnectionId":"0HNIQ1H875MAM","EnvironmentName":"Production","MachineName":"PC_JEY","ThreadId":6}
[2026-01-23 00:16:47.353 +01:00 INF] HTTP GET /Formateurs responded 200 in 348.5869 ms {"SourceContext":"Serilog.AspNetCore.RequestLoggingMiddleware","RequestId":"0HNIQ1H875MAM:00000001","ConnectionId":"0HNIQ1H875MAM","EnvironmentName":"Production","MachineName":"PC_JEY","ThreadId":6}
[2026-01-23 00:16:47.391 +01:00 INF] HTTP GET /.well-known/appspecific/com.chrome.devtools.json responded 404 in 11.0119 ms {"SourceContext":"Serilog.AspNetCore.RequestLoggingMiddleware","RequestId":"0HNIQ1H875MAM:00000002","ConnectionId":"0HNIQ1H875MAM","EnvironmentName":"Production","MachineName":"PC_JEY","ThreadId":10}
[2026-01-23 00:16:48.886 +01:00 INF] HTTP GET /Formateurs/Create responded 200 in 213.8628 ms {"SourceContext":"Serilog.AspNetCore.RequestLoggingMiddleware","RequestId":"0HNIQ1H875MAM:00000003","ConnectionId":"0HNIQ1H875MAM","EnvironmentName":"Production","MachineName":"PC_JEY","ThreadId":6}
[2026-01-23 00:16:48.927 +01:00 INF] HTTP GET /.well-known/appspecific/com.chrome.devtools.json responded 404 in 1.1884 ms {"SourceContext":"Serilog.AspNetCore.RequestLoggingMiddleware","RequestId":"0HNIQ1H875MAM:00000004","ConnectionId":"0HNIQ1H875MAM","EnvironmentName":"Production","MachineName":"PC_JEY","ThreadId":6}
[2026-01-23 00:17:30.832 +01:00 ERR] Failed executing DbCommand (4ms) [Parameters=[@p0='?' (DbType = Boolean), @p1='?' (Size = 6), @p2='?' (Size = 9), @p3='?' (Size = 9), @p4='?', @p5='?' (DbType = DateTime), @p6='?' (DbType = DateTime), @p7='?' (Size = 28), @p8='?' (Size = 9), @p9='?' (Size = 6), @p10='?', @p11='?' (Size = 8), @p12='?', @p13='?' (Size = 6), @p14='?' (Size = 3), @p15='?' (Size = 7), @p16='?' (Size = 10), @p17='?' (DbType = Int32)], CommandType='"Text"', CommandTimeout='30']
INSERT INTO "Formateurs" ("Actif", "AntenneRattachement", "Biographie", "Competences", "CreePar", "DateCreation", "DateModification", "Email", "Experience", "Formations", "ModifiePar", "Nom", "NumeroFormateur", "Prenom", "SiteId", "StatutProfessionnel", "Telephone", "UtilisateurId")
VALUES (@p0, @p1, @p2, @p3, @p4, @p5, @p6, @p7, @p8, @p9, @p10, @p11, @p12, @p13, @p14, @p15, @p16, @p17)
RETURNING "Id"; {"EventId":{"Id":20102,"Name":"Microsoft.EntityFrameworkCore.Database.Command.CommandError"},"SourceContext":"Microsoft.EntityFrameworkCore.Database.Command","ActionId":"57db878c-0591-4a35-9028-86cb64bf42d6","ActionName":"FormationManager.Controllers.FormateursController.Create (FormationManager)","RequestId":"0HNIQ1H875MAM:00000005","RequestPath":"/Formateurs/Create","ConnectionId":"0HNIQ1H875MAM","EnvironmentName":"Production","MachineName":"PC_JEY","ThreadId":3}
[2026-01-23 00:17:30.851 +01:00 ERR] An exception occurred in the database while saving changes for context type 'FormationManager.Data.FormationDbContext'.
Microsoft.EntityFrameworkCore.DbUpdateException: An error occurred while saving the entity changes. See the inner exception for details.
 ---> Microsoft.Data.Sqlite.SqliteException (0x80004005): SQLite Error 19: 'NOT NULL constraint failed: Formateurs.NumeroFormateur'.
   at Microsoft.Data.Sqlite.SqliteException.ThrowExceptionForRC(Int32 rc, sqlite3 db)
   at Microsoft.Data.Sqlite.SqliteDataReader.NextResult()
   at Microsoft.Data.Sqlite.SqliteCommand.ExecuteReader(CommandBehavior behavior)
   at Microsoft.Data.Sqlite.SqliteCommand.ExecuteReaderAsync(CommandBehavior behavior, CancellationToken cancellationToken)
   at Microsoft.Data.Sqlite.SqliteCommand.ExecuteDbDataReaderAsync(CommandBehavior behavior, CancellationToken cancellationToken)
   at Microsoft.EntityFrameworkCore.Storage.RelationalCommand.ExecuteReaderAsync(RelationalCommandParameterObject parameterObject, CancellationToken cancellationToken)
   at Microsoft.EntityFrameworkCore.Storage.RelationalCommand.ExecuteReaderAsync(RelationalCommandParameterObject parameterObject, CancellationToken cancellationToken)
   at Microsoft.EntityFrameworkCore.Update.ReaderModificationCommandBatch.ExecuteAsync(IRelationalConnection connection, CancellationToken cancellationToken)
   --- End of inner exception stack trace ---
   at Microsoft.EntityFrameworkCore.Update.ReaderModificationCommandBatch.ExecuteAsync(IRelationalConnection connection, CancellationToken cancellationToken)
   at Microsoft.EntityFrameworkCore.Update.Internal.BatchExecutor.ExecuteAsync(IEnumerable`1 commandBatches, IRelationalConnection connection, CancellationToken cancellationToken)
   at Microsoft.EntityFrameworkCore.Update.Internal.BatchExecutor.ExecuteAsync(IEnumerable`1 commandBatches, IRelationalConnection connection, CancellationToken cancellationToken)
   at Microsoft.EntityFrameworkCore.Update.Internal.BatchExecutor.ExecuteAsync(IEnumerable`1 commandBatches, IRelationalConnection connection, CancellationToken cancellationToken)
   at Microsoft.EntityFrameworkCore.Storage.RelationalDatabase.SaveChangesAsync(IList`1 entries, CancellationToken cancellationToken)
   at Microsoft.EntityFrameworkCore.ChangeTracking.Internal.StateManager.SaveChangesAsync(IList`1 entriesToSave, CancellationToken cancellationToken)
   at Microsoft.EntityFrameworkCore.ChangeTracking.Internal.StateManager.SaveChangesAsync(StateManager stateManager, Boolean acceptAllChangesOnSuccess, CancellationToken cancellationToken)
   at Microsoft.EntityFrameworkCore.DbContext.SaveChangesAsync(Boolean acceptAllChangesOnSuccess, CancellationToken cancellationToken) {"EventId":{"Id":10000,"Name":"Microsoft.EntityFrameworkCore.Update.SaveChangesFailed"},"SourceContext":"Microsoft.EntityFrameworkCore.Update","ActionId":"57db878c-0591-4a35-9028-86cb64bf42d6","ActionName":"FormationManager.Controllers.FormateursController.Create (FormationManager)","RequestId":"0HNIQ1H875MAM:00000005","RequestPath":"/Formateurs/Create","ConnectionId":"0HNIQ1H875MAM","EnvironmentName":"Production","MachineName":"PC_JEY","ThreadId":3}
Microsoft.EntityFrameworkCore.DbUpdateException: An error occurred while saving the entity changes. See the inner exception for details.
 ---> Microsoft.Data.Sqlite.SqliteException (0x80004005): SQLite Error 19: 'NOT NULL constraint failed: Formateurs.NumeroFormateur'.
   at Microsoft.Data.Sqlite.SqliteException.ThrowExceptionForRC(Int32 rc, sqlite3 db)
   at Microsoft.Data.Sqlite.SqliteDataReader.NextResult()
   at Microsoft.Data.Sqlite.SqliteCommand.ExecuteReader(CommandBehavior behavior)
   at Microsoft.Data.Sqlite.SqliteCommand.ExecuteReaderAsync(CommandBehavior behavior, CancellationToken cancellationToken)
   at Microsoft.Data.Sqlite.SqliteCommand.ExecuteDbDataReaderAsync(CommandBehavior behavior, CancellationToken cancellationToken)
   at Microsoft.EntityFrameworkCore.Storage.RelationalCommand.ExecuteReaderAsync(RelationalCommandParameterObject parameterObject, CancellationToken cancellationToken)
   at Microsoft.EntityFrameworkCore.Storage.RelationalCommand.ExecuteReaderAsync(RelationalCommandParameterObject parameterObject, CancellationToken cancellationToken)
   at Microsoft.EntityFrameworkCore.Update.ReaderModificationCommandBatch.ExecuteAsync(IRelationalConnection connection, CancellationToken cancellationToken)
   --- End of inner exception stack trace ---
   at Microsoft.EntityFrameworkCore.Update.ReaderModificationCommandBatch.ExecuteAsync(IRelationalConnection connection, CancellationToken cancellationToken)
   at Microsoft.EntityFrameworkCore.Update.Internal.BatchExecutor.ExecuteAsync(IEnumerable`1 commandBatches, IRelationalConnection connection, CancellationToken cancellationToken)
   at Microsoft.EntityFrameworkCore.Update.Internal.BatchExecutor.ExecuteAsync(IEnumerable`1 commandBatches, IRelationalConnection connection, CancellationToken cancellationToken)
   at Microsoft.EntityFrameworkCore.Update.Internal.BatchExecutor.ExecuteAsync(IEnumerable`1 commandBatches, IRelationalConnection connection, CancellationToken cancellationToken)
   at Microsoft.EntityFrameworkCore.Storage.RelationalDatabase.SaveChangesAsync(IList`1 entries, CancellationToken cancellationToken)
   at Microsoft.EntityFrameworkCore.ChangeTracking.Internal.StateManager.SaveChangesAsync(IList`1 entriesToSave, CancellationToken cancellationToken)
   at Microsoft.EntityFrameworkCore.ChangeTracking.Internal.StateManager.SaveChangesAsync(StateManager stateManager, Boolean acceptAllChangesOnSuccess, CancellationToken cancellationToken)
   at Microsoft.EntityFrameworkCore.DbContext.SaveChangesAsync(Boolean acceptAllChangesOnSuccess, CancellationToken cancellationToken)
[2026-01-23 00:17:30.868 +01:00 INF] HTTP POST /Formateurs/Create responded 200 in 223.4547 ms {"SourceContext":"Serilog.AspNetCore.RequestLoggingMiddleware","RequestId":"0HNIQ1H875MAM:00000005","ConnectionId":"0HNIQ1H875MAM","EnvironmentName":"Production","MachineName":"PC_JEY","ThreadId":3}
[2026-01-23 00:17:30.889 +01:00 INF] HTTP GET /.well-known/appspecific/com.chrome.devtools.json responded 404 in 0.8260 ms {"SourceContext":"Serilog.AspNetCore.RequestLoggingMiddleware","RequestId":"0HNIQ1H875MAM:00000006","ConnectionId":"0HNIQ1H875MAM","EnvironmentName":"Production","MachineName":"PC_JEY","ThreadId":3}
