[2026-01-23 00:19:32.629 +01:00 INF] Démarrage de l'application FormatiX {"EnvironmentName":"Production","MachineName":"PC_JEY","ThreadId":2}
[2026-01-23 00:19:33.998 +01:00 INF] Base de données migrée avec succès {"SourceContext":"Program","EnvironmentName":"Production","MachineName":"PC_JEY","ThreadId":2}
[2026-01-23 00:19:34.410 +01:00 INF] Base de données initialisée avec succès {"SourceContext":"Program","EnvironmentName":"Production","MachineName":"PC_JEY","ThreadId":2}
[2026-01-23 00:19:34.412 +01:00 INF] Application FormatiX démarrée avec succès {"EnvironmentName":"Production","MachineName":"PC_JEY","ThreadId":2}
[2026-01-23 00:19:34.467 +01:00 ERR] Hosting failed to start {"EventId":{"Id":11,"Name":"HostedServiceStartupFaulted"},"SourceContext":"Microsoft.Extensions.Hosting.Internal.Host","EnvironmentName":"Production","MachineName":"PC_JEY","ThreadId":2}
System.IO.IOException: Failed to bind to address http://127.0.0.1:5000: address already in use.
 ---> Microsoft.AspNetCore.Connections.AddressInUseException: Une seule utilisation de chaque adresse de socket (protocole/adresse réseau/port) est habituellement autorisée.
 ---> System.Net.Sockets.SocketException (10048): Une seule utilisation de chaque adresse de socket (protocole/adresse réseau/port) est habituellement autorisée.
   at System.Net.Sockets.Socket.UpdateStatusAfterSocketErrorAndThrowException(SocketError error, Boolean disconnectOnFailure, String callerName)
   at System.Net.Sockets.Socket.DoBind(EndPoint endPointSnapshot, SocketAddress socketAddress)
   at System.Net.Sockets.Socket.Bind(EndPoint localEP)
   at Microsoft.AspNetCore.Server.Kestrel.Transport.Sockets.SocketTransportOptions.CreateDefaultBoundListenSocket(EndPoint endpoint)
   at Microsoft.AspNetCore.Server.Kestrel.Transport.Sockets.SocketConnectionListener.Bind()
   --- End of inner exception stack trace ---
   at Microsoft.AspNetCore.Server.Kestrel.Transport.Sockets.SocketConnectionListener.Bind()
   at Microsoft.AspNetCore.Server.Kestrel.Transport.Sockets.SocketTransportFactory.BindAsync(EndPoint endpoint, CancellationToken cancellationToken)
   at Microsoft.AspNetCore.Server.Kestrel.Core.Internal.Infrastructure.TransportManager.BindAsync(EndPoint endPoint, ConnectionDelegate connectionDelegate, EndpointConfig endpointConfig, CancellationToken cancellationToken)
   at Microsoft.AspNetCore.Server.Kestrel.Core.KestrelServerImpl.<>c__DisplayClass28_0`1.<<StartAsync>g__OnBind|0>d.MoveNext()
--- End of stack trace from previous location ---
   at Microsoft.AspNetCore.Server.Kestrel.Core.Internal.AddressBinder.BindEndpointAsync(ListenOptions endpoint, AddressBindContext context, CancellationToken cancellationToken)
   --- End of inner exception stack trace ---
   at Microsoft.AspNetCore.Server.Kestrel.Core.Internal.AddressBinder.BindEndpointAsync(ListenOptions endpoint, AddressBindContext context, CancellationToken cancellationToken)
   at Microsoft.AspNetCore.Server.Kestrel.Core.LocalhostListenOptions.BindAsync(AddressBindContext context, CancellationToken cancellationToken)
   at Microsoft.AspNetCore.Server.Kestrel.Core.Internal.AddressBinder.DefaultAddressStrategy.BindAsync(AddressBindContext context, CancellationToken cancellationToken)
   at Microsoft.AspNetCore.Server.Kestrel.Core.KestrelServerImpl.BindAsync(CancellationToken cancellationToken)
   at Microsoft.AspNetCore.Server.Kestrel.Core.KestrelServerImpl.StartAsync[TContext](IHttpApplication`1 application, CancellationToken cancellationToken)
   at Microsoft.AspNetCore.Hosting.GenericWebHostService.StartAsync(CancellationToken cancellationToken)
   at Microsoft.Extensions.Hosting.Internal.Host.<StartAsync>b__14_1(IHostedService service, CancellationToken token)
   at Microsoft.Extensions.Hosting.Internal.Host.ForeachService[T](IEnumerable`1 services, CancellationToken token, Boolean concurrent, Boolean abortOnFirstException, List`1 exceptions, Func`3 operation)
[2026-01-23 00:19:34.481 +01:00 FTL] Application arrêtée de manière inattendue {"EnvironmentName":"Production","MachineName":"PC_JEY","ThreadId":2}
System.IO.IOException: Failed to bind to address http://127.0.0.1:5000: address already in use.
 ---> Microsoft.AspNetCore.Connections.AddressInUseException: Une seule utilisation de chaque adresse de socket (protocole/adresse réseau/port) est habituellement autorisée.
 ---> System.Net.Sockets.SocketException (10048): Une seule utilisation de chaque adresse de socket (protocole/adresse réseau/port) est habituellement autorisée.
   at System.Net.Sockets.Socket.UpdateStatusAfterSocketErrorAndThrowException(SocketError error, Boolean disconnectOnFailure, String callerName)
   at System.Net.Sockets.Socket.DoBind(EndPoint endPointSnapshot, SocketAddress socketAddress)
   at System.Net.Sockets.Socket.Bind(EndPoint localEP)
   at Microsoft.AspNetCore.Server.Kestrel.Transport.Sockets.SocketTransportOptions.CreateDefaultBoundListenSocket(EndPoint endpoint)
   at Microsoft.AspNetCore.Server.Kestrel.Transport.Sockets.SocketConnectionListener.Bind()
   --- End of inner exception stack trace ---
   at Microsoft.AspNetCore.Server.Kestrel.Transport.Sockets.SocketConnectionListener.Bind()
   at Microsoft.AspNetCore.Server.Kestrel.Transport.Sockets.SocketTransportFactory.BindAsync(EndPoint endpoint, CancellationToken cancellationToken)
   at Microsoft.AspNetCore.Server.Kestrel.Core.Internal.Infrastructure.TransportManager.BindAsync(EndPoint endPoint, ConnectionDelegate connectionDelegate, EndpointConfig endpointConfig, CancellationToken cancellationToken)
   at Microsoft.AspNetCore.Server.Kestrel.Core.KestrelServerImpl.<>c__DisplayClass28_0`1.<<StartAsync>g__OnBind|0>d.MoveNext()
--- End of stack trace from previous location ---
   at Microsoft.AspNetCore.Server.Kestrel.Core.Internal.AddressBinder.BindEndpointAsync(ListenOptions endpoint, AddressBindContext context, CancellationToken cancellationToken)
   --- End of inner exception stack trace ---
   at Microsoft.AspNetCore.Server.Kestrel.Core.Internal.AddressBinder.BindEndpointAsync(ListenOptions endpoint, AddressBindContext context, CancellationToken cancellationToken)
   at Microsoft.AspNetCore.Server.Kestrel.Core.LocalhostListenOptions.BindAsync(AddressBindContext context, CancellationToken cancellationToken)
   at Microsoft.AspNetCore.Server.Kestrel.Core.Internal.AddressBinder.DefaultAddressStrategy.BindAsync(AddressBindContext context, CancellationToken cancellationToken)
   at Microsoft.AspNetCore.Server.Kestrel.Core.KestrelServerImpl.BindAsync(CancellationToken cancellationToken)
   at Microsoft.AspNetCore.Server.Kestrel.Core.KestrelServerImpl.StartAsync[TContext](IHttpApplication`1 application, CancellationToken cancellationToken)
   at Microsoft.AspNetCore.Hosting.GenericWebHostService.StartAsync(CancellationToken cancellationToken)
   at Microsoft.Extensions.Hosting.Internal.Host.<StartAsync>b__14_1(IHostedService service, CancellationToken token)
   at Microsoft.Extensions.Hosting.Internal.Host.ForeachService[T](IEnumerable`1 services, CancellationToken token, Boolean concurrent, Boolean abortOnFirstException, List`1 exceptions, Func`3 operation)
   at Microsoft.Extensions.Hosting.Internal.Host.StartAsync(CancellationToken cancellationToken)
   at Microsoft.Extensions.Hosting.HostingAbstractionsHostExtensions.RunAsync(IHost host, CancellationToken token)
   at Microsoft.Extensions.Hosting.HostingAbstractionsHostExtensions.RunAsync(IHost host, CancellationToken token)
   at Microsoft.Extensions.Hosting.HostingAbstractionsHostExtensions.Run(IHost host)
   at Program.<Main>$(String[] args) in C:\AI\Opagax\Program.cs:line 232
[2026-01-23 00:21:16.870 +01:00 INF] Démarrage de l'application FormatiX {"EnvironmentName":"Production","MachineName":"PC_JEY","ThreadId":2}
[2026-01-23 00:21:18.435 +01:00 INF] Base de données migrée avec succès {"SourceContext":"Program","EnvironmentName":"Production","MachineName":"PC_JEY","ThreadId":2}
[2026-01-23 00:21:18.930 +01:00 INF] Base de données initialisée avec succès {"SourceContext":"Program","EnvironmentName":"Production","MachineName":"PC_JEY","ThreadId":2}
[2026-01-23 00:21:18.937 +01:00 INF] Application FormatiX démarrée avec succès {"EnvironmentName":"Production","MachineName":"PC_JEY","ThreadId":2}
[2026-01-23 00:21:19.027 +01:00 INF] Now listening on: http://localhost:5000 {"EventId":{"Id":14,"Name":"ListeningOnAddress"},"SourceContext":"Microsoft.Hosting.Lifetime","EnvironmentName":"Production","MachineName":"PC_JEY","ThreadId":2}
[2026-01-23 00:21:19.029 +01:00 INF] Application started. Press Ctrl+C to shut down. {"SourceContext":"Microsoft.Hosting.Lifetime","EnvironmentName":"Production","MachineName":"PC_JEY","ThreadId":2}
[2026-01-23 00:21:19.029 +01:00 INF] Hosting environment: Production {"SourceContext":"Microsoft.Hosting.Lifetime","EnvironmentName":"Production","MachineName":"PC_JEY","ThreadId":2}
[2026-01-23 00:21:19.029 +01:00 INF] Content root path: C:\AI\Opagax {"SourceContext":"Microsoft.Hosting.Lifetime","EnvironmentName":"Production","MachineName":"PC_JEY","ThreadId":2}
[2026-01-23 00:24:02.116 +01:00 WRN] Failed to determine the https port for redirect. {"EventId":{"Id":3,"Name":"FailedToDeterminePort"},"SourceContext":"Microsoft.AspNetCore.HttpsPolicy.HttpsRedirectionMiddleware","RequestId":"0HNIQ1L9TDUNG:00000001","RequestPath":"/Sessions/Create","ConnectionId":"0HNIQ1L9TDUNG","EnvironmentName":"Production","MachineName":"PC_JEY","ThreadId":11}
[2026-01-23 00:24:02.588 +01:00 INF] HTTP GET /Sessions/Create responded 200 in 472.8402 ms {"SourceContext":"Serilog.AspNetCore.RequestLoggingMiddleware","RequestId":"0HNIQ1L9TDUNG:00000001","ConnectionId":"0HNIQ1L9TDUNG","EnvironmentName":"Production","MachineName":"PC_JEY","ThreadId":11}
[2026-01-23 00:24:02.627 +01:00 INF] HTTP GET /.well-known/appspecific/com.chrome.devtools.json responded 404 in 9.3203 ms {"SourceContext":"Serilog.AspNetCore.RequestLoggingMiddleware","RequestId":"0HNIQ1L9TDUNG:00000002","ConnectionId":"0HNIQ1L9TDUNG","EnvironmentName":"Production","MachineName":"PC_JEY","ThreadId":12}
[2026-01-23 00:24:02.808 +01:00 INF] HTTP GET /icon.png responded 200 in 7.5672 ms {"SourceContext":"Serilog.AspNetCore.RequestLoggingMiddleware","RequestId":"0HNIQ1L9TDUNG:00000003","ConnectionId":"0HNIQ1L9TDUNG","EnvironmentName":"Production","MachineName":"PC_JEY","ThreadId":11}
[2026-01-23 00:24:36.665 +01:00 INF] HTTP POST /Sessions/Create responded 200 in 143.5549 ms {"SourceContext":"Serilog.AspNetCore.RequestLoggingMiddleware","RequestId":"0HNIQ1L9TDUNG:00000004","ConnectionId":"0HNIQ1L9TDUNG","EnvironmentName":"Production","MachineName":"PC_JEY","ThreadId":13}
[2026-01-23 00:24:36.689 +01:00 INF] HTTP GET /.well-known/appspecific/com.chrome.devtools.json responded 404 in 1.0145 ms {"SourceContext":"Serilog.AspNetCore.RequestLoggingMiddleware","RequestId":"0HNIQ1L9TDUNG:00000005","ConnectionId":"0HNIQ1L9TDUNG","EnvironmentName":"Production","MachineName":"PC_JEY","ThreadId":13}
[2026-01-23 00:24:45.726 +01:00 INF] HTTP POST /Sessions/Create responded 200 in 13.3602 ms {"SourceContext":"Serilog.AspNetCore.RequestLoggingMiddleware","RequestId":"0HNIQ1L9TDUNG:00000006","ConnectionId":"0HNIQ1L9TDUNG","EnvironmentName":"Production","MachineName":"PC_JEY","ThreadId":13}
[2026-01-23 00:24:45.743 +01:00 INF] HTTP GET /.well-known/appspecific/com.chrome.devtools.json responded 404 in 0.9523 ms {"SourceContext":"Serilog.AspNetCore.RequestLoggingMiddleware","RequestId":"0HNIQ1L9TDUNG:00000007","ConnectionId":"0HNIQ1L9TDUNG","EnvironmentName":"Production","MachineName":"PC_JEY","ThreadId":13}
[2026-01-23 00:25:02.101 +01:00 INF] HTTP POST /Sessions/Create responded 200 in 7.0500 ms {"SourceContext":"Serilog.AspNetCore.RequestLoggingMiddleware","RequestId":"0HNIQ1L9TDUNG:00000008","ConnectionId":"0HNIQ1L9TDUNG","EnvironmentName":"Production","MachineName":"PC_JEY","ThreadId":17}
[2026-01-23 00:25:02.116 +01:00 INF] HTTP GET /.well-known/appspecific/com.chrome.devtools.json responded 404 in 0.7336 ms {"SourceContext":"Serilog.AspNetCore.RequestLoggingMiddleware","RequestId":"0HNIQ1L9TDUNG:00000009","ConnectionId":"0HNIQ1L9TDUNG","EnvironmentName":"Production","MachineName":"PC_JEY","ThreadId":13}
[2026-01-23 00:25:05.286 +01:00 INF] HTTP POST /Sessions/Create responded 200 in 7.5602 ms {"SourceContext":"Serilog.AspNetCore.RequestLoggingMiddleware","RequestId":"0HNIQ1L9TDUNG:0000000A","ConnectionId":"0HNIQ1L9TDUNG","EnvironmentName":"Production","MachineName":"PC_JEY","ThreadId":17}
[2026-01-23 00:25:05.305 +01:00 INF] HTTP GET /.well-known/appspecific/com.chrome.devtools.json responded 404 in 0.9658 ms {"SourceContext":"Serilog.AspNetCore.RequestLoggingMiddleware","RequestId":"0HNIQ1L9TDUNG:0000000B","ConnectionId":"0HNIQ1L9TDUNG","EnvironmentName":"Production","MachineName":"PC_JEY","ThreadId":13}
