[2026-01-22 22:11:43.882 +01:00 INF] Démarrage de l'application FormatiX {"EnvironmentName":"Production","MachineName":"PC_JEY","ThreadId":2}
[2026-01-22 22:11:46.629 +01:00 INF] Base de données migrée avec succès {"SourceContext":"Program","EnvironmentName":"Production","MachineName":"PC_JEY","ThreadId":2}
[2026-01-22 22:11:48.103 +01:00 WRN] The query uses the 'First'/'FirstOrDefault' operator without 'OrderBy' and filter operators. This may lead to unpredictable results. {"EventId":{"Id":10103,"Name":"Microsoft.EntityFrameworkCore.Query.FirstWithoutOrderByAndFilterWarning"},"SourceContext":"Microsoft.EntityFrameworkCore.Query","EnvironmentName":"Production","MachineName":"PC_JEY","ThreadId":2}
[2026-01-22 22:11:49.012 +01:00 INF] Base de données initialisée avec succès {"SourceContext":"Program","EnvironmentName":"Production","MachineName":"PC_JEY","ThreadId":2}
[2026-01-22 22:11:49.016 +01:00 INF] Application FormatiX démarrée avec succès {"EnvironmentName":"Production","MachineName":"PC_JEY","ThreadId":2}
[2026-01-22 22:11:49.124 +01:00 INF] Now listening on: http://localhost:5000 {"EventId":{"Id":14,"Name":"ListeningOnAddress"},"SourceContext":"Microsoft.Hosting.Lifetime","EnvironmentName":"Production","MachineName":"PC_JEY","ThreadId":2}
[2026-01-22 22:11:49.125 +01:00 INF] Application started. Press Ctrl+C to shut down. {"SourceContext":"Microsoft.Hosting.Lifetime","EnvironmentName":"Production","MachineName":"PC_JEY","ThreadId":2}
[2026-01-22 22:11:49.126 +01:00 INF] Hosting environment: Production {"SourceContext":"Microsoft.Hosting.Lifetime","EnvironmentName":"Production","MachineName":"PC_JEY","ThreadId":2}
[2026-01-22 22:11:49.126 +01:00 INF] Content root path: C:\AI\Opagax {"SourceContext":"Microsoft.Hosting.Lifetime","EnvironmentName":"Production","MachineName":"PC_JEY","ThreadId":2}
[2026-01-22 22:11:53.618 +01:00 WRN] Failed to determine the https port for redirect. {"EventId":{"Id":3,"Name":"FailedToDeterminePort"},"SourceContext":"Microsoft.AspNetCore.HttpsPolicy.HttpsRedirectionMiddleware","RequestId":"0HNIPVBF0TO4N:00000001","RequestPath":"/","ConnectionId":"0HNIPVBF0TO4N","EnvironmentName":"Production","MachineName":"PC_JEY","ThreadId":8}
[2026-01-22 22:11:53.673 +01:00 INF] HTTP GET / responded 302 in 55.5099 ms {"SourceContext":"Serilog.AspNetCore.RequestLoggingMiddleware","RequestId":"0HNIPVBF0TO4N:00000001","ConnectionId":"0HNIPVBF0TO4N","EnvironmentName":"Production","MachineName":"PC_JEY","ThreadId":8}
[2026-01-22 22:11:53.799 +01:00 INF] HTTP GET /Account/Login responded 200 in 109.6115 ms {"SourceContext":"Serilog.AspNetCore.RequestLoggingMiddleware","RequestId":"0HNIPVBF0TO4N:00000002","ConnectionId":"0HNIPVBF0TO4N","EnvironmentName":"Production","MachineName":"PC_JEY","ThreadId":5}
[2026-01-22 22:17:15.363 +01:00 INF] Démarrage de l'application FormatiX {"EnvironmentName":"Production","MachineName":"PC_JEY","ThreadId":2}
[2026-01-22 22:17:16.929 +01:00 INF] Base de données migrée avec succès {"SourceContext":"Program","EnvironmentName":"Production","MachineName":"PC_JEY","ThreadId":2}
[2026-01-22 22:17:17.403 +01:00 INF] Base de données initialisée avec succès {"SourceContext":"Program","EnvironmentName":"Production","MachineName":"PC_JEY","ThreadId":2}
[2026-01-22 22:17:17.404 +01:00 INF] Application FormatiX démarrée avec succès {"EnvironmentName":"Production","MachineName":"PC_JEY","ThreadId":2}
[2026-01-22 22:17:17.469 +01:00 INF] Now listening on: http://localhost:5000 {"EventId":{"Id":14,"Name":"ListeningOnAddress"},"SourceContext":"Microsoft.Hosting.Lifetime","EnvironmentName":"Production","MachineName":"PC_JEY","ThreadId":2}
[2026-01-22 22:17:17.470 +01:00 INF] Application started. Press Ctrl+C to shut down. {"SourceContext":"Microsoft.Hosting.Lifetime","EnvironmentName":"Production","MachineName":"PC_JEY","ThreadId":2}
[2026-01-22 22:17:17.471 +01:00 INF] Hosting environment: Production {"SourceContext":"Microsoft.Hosting.Lifetime","EnvironmentName":"Production","MachineName":"PC_JEY","ThreadId":2}
[2026-01-22 22:17:17.471 +01:00 INF] Content root path: C:\AI\Opagax {"SourceContext":"Microsoft.Hosting.Lifetime","EnvironmentName":"Production","MachineName":"PC_JEY","ThreadId":2}
[2026-01-22 22:18:15.233 +01:00 WRN] Failed to determine the https port for redirect. {"EventId":{"Id":3,"Name":"FailedToDeterminePort"},"SourceContext":"Microsoft.AspNetCore.HttpsPolicy.HttpsRedirectionMiddleware","RequestId":"0HNIPVF0OPNSM:00000001","RequestPath":"/Account/Login","ConnectionId":"0HNIPVF0OPNSM","EnvironmentName":"Production","MachineName":"PC_JEY","ThreadId":11}
[2026-01-22 22:18:15.321 +01:00 INF] Tentative de connexion pour admin@formationmanager.com {"SourceContext":"FormationManager.Controllers.AccountController","ActionId":"eafdd956-db9c-4132-9cfa-00f720631b50","ActionName":"FormationManager.Controllers.AccountController.Login (FormationManager)","RequestId":"0HNIPVF0OPNSM:00000001","RequestPath":"/Account/Login","ConnectionId":"0HNIPVF0OPNSM","EnvironmentName":"Production","MachineName":"PC_JEY","ThreadId":11}
[2026-01-22 22:18:15.404 +01:00 WRN] Connexion échouée pour admin@formationmanager.com (LockedOut=false, NotAllowed=false, RequiresTwoFactor=false) {"SourceContext":"FormationManager.Controllers.AccountController","ActionId":"eafdd956-db9c-4132-9cfa-00f720631b50","ActionName":"FormationManager.Controllers.AccountController.Login (FormationManager)","RequestId":"0HNIPVF0OPNSM:00000001","RequestPath":"/Account/Login","ConnectionId":"0HNIPVF0OPNSM","EnvironmentName":"Production","MachineName":"PC_JEY","ThreadId":11}
[2026-01-22 22:18:15.478 +01:00 INF] HTTP POST /Account/Login responded 200 in 246.6173 ms {"SourceContext":"Serilog.AspNetCore.RequestLoggingMiddleware","RequestId":"0HNIPVF0OPNSM:00000001","ConnectionId":"0HNIPVF0OPNSM","EnvironmentName":"Production","MachineName":"PC_JEY","ThreadId":11}
[2026-01-22 22:18:30.883 +01:00 INF] Tentative de connexion pour admin@formationmanager.com {"SourceContext":"FormationManager.Controllers.AccountController","ActionId":"eafdd956-db9c-4132-9cfa-00f720631b50","ActionName":"FormationManager.Controllers.AccountController.Login (FormationManager)","RequestId":"0HNIPVF0OPNSM:00000002","RequestPath":"/Account/Login","ConnectionId":"0HNIPVF0OPNSM","EnvironmentName":"Production","MachineName":"PC_JEY","ThreadId":3}
[2026-01-22 22:18:31.344 +01:00 INF] Connexion réussie pour admin@formationmanager.com {"SourceContext":"FormationManager.Controllers.AccountController","ActionId":"eafdd956-db9c-4132-9cfa-00f720631b50","ActionName":"FormationManager.Controllers.AccountController.Login (FormationManager)","RequestId":"0HNIPVF0OPNSM:00000002","RequestPath":"/Account/Login","ConnectionId":"0HNIPVF0OPNSM","EnvironmentName":"Production","MachineName":"PC_JEY","ThreadId":3}
[2026-01-22 22:18:31.551 +01:00 INF] HTTP POST /Account/Login responded 302 in 741.5709 ms {"SourceContext":"Serilog.AspNetCore.RequestLoggingMiddleware","RequestId":"0HNIPVF0OPNSM:00000002","ConnectionId":"0HNIPVF0OPNSM","EnvironmentName":"Production","MachineName":"PC_JEY","ThreadId":3}
[2026-01-22 22:18:31.640 +01:00 INF] HTTP GET / responded 200 in 78.6277 ms {"SourceContext":"Serilog.AspNetCore.RequestLoggingMiddleware","RequestId":"0HNIPVF0OPNSM:00000003","ConnectionId":"0HNIPVF0OPNSM","EnvironmentName":"Production","MachineName":"PC_JEY","ThreadId":11}
[2026-01-22 22:18:31.783 +01:00 INF] HTTP GET /icon.png responded 304 in 5.6030 ms {"SourceContext":"Serilog.AspNetCore.RequestLoggingMiddleware","RequestId":"0HNIPVF0OPNSM:00000004","ConnectionId":"0HNIPVF0OPNSM","EnvironmentName":"Production","MachineName":"PC_JEY","ThreadId":3}
[2026-01-22 22:18:37.722 +01:00 INF] HTTP GET /Admin/Dashboard responded 200 in 503.7647 ms {"SourceContext":"Serilog.AspNetCore.RequestLoggingMiddleware","RequestId":"0HNIPVF0OPNSM:00000005","ConnectionId":"0HNIPVF0OPNSM","EnvironmentName":"Production","MachineName":"PC_JEY","ThreadId":11}
[2026-01-22 22:18:41.159 +01:00 INF] HTTP GET /Formations responded 200 in 173.0639 ms {"SourceContext":"Serilog.AspNetCore.RequestLoggingMiddleware","RequestId":"0HNIPVF0OPNSM:00000006","ConnectionId":"0HNIPVF0OPNSM","EnvironmentName":"Production","MachineName":"PC_JEY","ThreadId":11}
[2026-01-22 22:18:44.999 +01:00 INF] HTTP GET /Sessions responded 200 in 1130.6847 ms {"SourceContext":"Serilog.AspNetCore.RequestLoggingMiddleware","RequestId":"0HNIPVF0OPNSM:00000007","ConnectionId":"0HNIPVF0OPNSM","EnvironmentName":"Production","MachineName":"PC_JEY","ThreadId":3}
[2026-01-22 22:18:45.344 +01:00 INF] HTTP GET /Sessions responded 200 in 10.9604 ms {"SourceContext":"Serilog.AspNetCore.RequestLoggingMiddleware","RequestId":"0HNIPVF0OPNSM:00000008","ConnectionId":"0HNIPVF0OPNSM","EnvironmentName":"Production","MachineName":"PC_JEY","ThreadId":3}
[2026-01-22 22:18:46.752 +01:00 INF] HTTP GET /Clients responded 200 in 139.3293 ms {"SourceContext":"Serilog.AspNetCore.RequestLoggingMiddleware","RequestId":"0HNIPVF0OPNSM:00000009","ConnectionId":"0HNIPVF0OPNSM","EnvironmentName":"Production","MachineName":"PC_JEY","ThreadId":13}
[2026-01-22 22:18:48.453 +01:00 INF] HTTP GET /Stagiaires responded 200 in 129.4185 ms {"SourceContext":"Serilog.AspNetCore.RequestLoggingMiddleware","RequestId":"0HNIPVF0OPNSM:0000000A","ConnectionId":"0HNIPVF0OPNSM","EnvironmentName":"Production","MachineName":"PC_JEY","ThreadId":3}
[2026-01-22 22:18:52.675 +01:00 INF] HTTP GET /Settings responded 200 in 102.8080 ms {"SourceContext":"Serilog.AspNetCore.RequestLoggingMiddleware","RequestId":"0HNIPVF0OPNSM:0000000B","ConnectionId":"0HNIPVF0OPNSM","EnvironmentName":"Production","MachineName":"PC_JEY","ThreadId":13}
[2026-01-22 22:21:45.400 +01:00 INF] Démarrage de l'application FormatiX {"EnvironmentName":"Production","MachineName":"PC_JEY","ThreadId":2}
[2026-01-22 22:21:47.144 +01:00 INF] Base de données migrée avec succès {"SourceContext":"Program","EnvironmentName":"Production","MachineName":"PC_JEY","ThreadId":2}
[2026-01-22 22:21:48.100 +01:00 INF] Base de données initialisée avec succès {"SourceContext":"Program","EnvironmentName":"Production","MachineName":"PC_JEY","ThreadId":2}
[2026-01-22 22:21:48.104 +01:00 INF] Application FormatiX démarrée avec succès {"EnvironmentName":"Production","MachineName":"PC_JEY","ThreadId":2}
[2026-01-22 22:21:48.158 +01:00 INF] Now listening on: http://localhost:5000 {"EventId":{"Id":14,"Name":"ListeningOnAddress"},"SourceContext":"Microsoft.Hosting.Lifetime","EnvironmentName":"Production","MachineName":"PC_JEY","ThreadId":2}
[2026-01-22 22:21:48.159 +01:00 INF] Application started. Press Ctrl+C to shut down. {"SourceContext":"Microsoft.Hosting.Lifetime","EnvironmentName":"Production","MachineName":"PC_JEY","ThreadId":2}
[2026-01-22 22:21:48.160 +01:00 INF] Hosting environment: Production {"SourceContext":"Microsoft.Hosting.Lifetime","EnvironmentName":"Production","MachineName":"PC_JEY","ThreadId":2}
[2026-01-22 22:21:48.160 +01:00 INF] Content root path: C:\AI\Opagax {"SourceContext":"Microsoft.Hosting.Lifetime","EnvironmentName":"Production","MachineName":"PC_JEY","ThreadId":2}
[2026-01-22 22:22:52.233 +01:00 WRN] Failed to determine the https port for redirect. {"EventId":{"Id":3,"Name":"FailedToDeterminePort"},"SourceContext":"Microsoft.AspNetCore.HttpsPolicy.HttpsRedirectionMiddleware","RequestId":"0HNIPVHJAFSTN:00000001","RequestPath":"/Settings","ConnectionId":"0HNIPVHJAFSTN","EnvironmentName":"Production","MachineName":"PC_JEY","ThreadId":14}
[2026-01-22 22:22:52.421 +01:00 INF] HTTP GET /Settings responded 200 in 188.9143 ms {"SourceContext":"Serilog.AspNetCore.RequestLoggingMiddleware","RequestId":"0HNIPVHJAFSTN:00000001","ConnectionId":"0HNIPVHJAFSTN","EnvironmentName":"Production","MachineName":"PC_JEY","ThreadId":14}
[2026-01-22 22:22:52.603 +01:00 INF] HTTP GET /icon.png responded 200 in 10.3860 ms {"SourceContext":"Serilog.AspNetCore.RequestLoggingMiddleware","RequestId":"0HNIPVHJAFSTN:00000002","ConnectionId":"0HNIPVHJAFSTN","EnvironmentName":"Production","MachineName":"PC_JEY","ThreadId":13}
[2026-01-22 22:22:54.681 +01:00 INF] HTTP GET / responded 200 in 65.2496 ms {"SourceContext":"Serilog.AspNetCore.RequestLoggingMiddleware","RequestId":"0HNIPVHJAFSTN:00000003","ConnectionId":"0HNIPVHJAFSTN","EnvironmentName":"Production","MachineName":"PC_JEY","ThreadId":13}
[2026-01-22 22:22:57.717 +01:00 INF] HTTP GET / responded 200 in 14.7311 ms {"SourceContext":"Serilog.AspNetCore.RequestLoggingMiddleware","RequestId":"0HNIPVHJAFSTN:00000004","ConnectionId":"0HNIPVHJAFSTN","EnvironmentName":"Production","MachineName":"PC_JEY","ThreadId":13}
[2026-01-22 22:24:28.040 +01:00 INF] Démarrage de l'application FormatiX {"EnvironmentName":"Production","MachineName":"PC_JEY","ThreadId":2}
[2026-01-22 22:24:30.496 +01:00 INF] Base de données migrée avec succès {"SourceContext":"Program","EnvironmentName":"Production","MachineName":"PC_JEY","ThreadId":2}
[2026-01-22 22:24:31.122 +01:00 INF] Base de données initialisée avec succès {"SourceContext":"Program","EnvironmentName":"Production","MachineName":"PC_JEY","ThreadId":2}
[2026-01-22 22:24:31.126 +01:00 INF] Application FormatiX démarrée avec succès {"EnvironmentName":"Production","MachineName":"PC_JEY","ThreadId":2}
[2026-01-22 22:24:31.183 +01:00 INF] Now listening on: http://localhost:5000 {"EventId":{"Id":14,"Name":"ListeningOnAddress"},"SourceContext":"Microsoft.Hosting.Lifetime","EnvironmentName":"Production","MachineName":"PC_JEY","ThreadId":2}
[2026-01-22 22:24:31.185 +01:00 INF] Application started. Press Ctrl+C to shut down. {"SourceContext":"Microsoft.Hosting.Lifetime","EnvironmentName":"Production","MachineName":"PC_JEY","ThreadId":2}
[2026-01-22 22:24:31.185 +01:00 INF] Hosting environment: Production {"SourceContext":"Microsoft.Hosting.Lifetime","EnvironmentName":"Production","MachineName":"PC_JEY","ThreadId":2}
[2026-01-22 22:24:31.186 +01:00 INF] Content root path: C:\AI\Opagax {"SourceContext":"Microsoft.Hosting.Lifetime","EnvironmentName":"Production","MachineName":"PC_JEY","ThreadId":2}
[2026-01-22 22:26:35.635 +01:00 WRN] Failed to determine the https port for redirect. {"EventId":{"Id":3,"Name":"FailedToDeterminePort"},"SourceContext":"Microsoft.AspNetCore.HttpsPolicy.HttpsRedirectionMiddleware","RequestId":"0HNIPVJLT1902:00000001","RequestPath":"/","ConnectionId":"0HNIPVJLT1902","EnvironmentName":"Production","MachineName":"PC_JEY","ThreadId":11}
[2026-01-22 22:26:35.763 +01:00 INF] HTTP GET / responded 200 in 127.9998 ms {"SourceContext":"Serilog.AspNetCore.RequestLoggingMiddleware","RequestId":"0HNIPVJLT1902:00000001","ConnectionId":"0HNIPVJLT1902","EnvironmentName":"Production","MachineName":"PC_JEY","ThreadId":11}
[2026-01-22 22:26:35.970 +01:00 INF] HTTP GET /icon.png responded 200 in 9.4457 ms {"SourceContext":"Serilog.AspNetCore.RequestLoggingMiddleware","RequestId":"0HNIPVJLT1902:00000002","ConnectionId":"0HNIPVJLT1902","EnvironmentName":"Production","MachineName":"PC_JEY","ThreadId":13}
[2026-01-22 22:26:37.991 +01:00 INF] HTTP GET / responded 200 in 72.7046 ms {"SourceContext":"Serilog.AspNetCore.RequestLoggingMiddleware","RequestId":"0HNIPVJLT1902:00000003","ConnectionId":"0HNIPVJLT1902","EnvironmentName":"Production","MachineName":"PC_JEY","ThreadId":13}
[2026-01-22 22:26:39.149 +01:00 INF] HTTP GET /Admin/Dashboard responded 200 in 262.3143 ms {"SourceContext":"Serilog.AspNetCore.RequestLoggingMiddleware","RequestId":"0HNIPVJLT1902:00000004","ConnectionId":"0HNIPVJLT1902","EnvironmentName":"Production","MachineName":"PC_JEY","ThreadId":11}
[2026-01-22 22:26:41.130 +01:00 INF] HTTP GET /Formations responded 200 in 44.3589 ms {"SourceContext":"Serilog.AspNetCore.RequestLoggingMiddleware","RequestId":"0HNIPVJLT1902:00000005","ConnectionId":"0HNIPVJLT1902","EnvironmentName":"Production","MachineName":"PC_JEY","ThreadId":11}
[2026-01-22 22:26:42.549 +01:00 INF] HTTP GET / responded 200 in 3.1419 ms {"SourceContext":"Serilog.AspNetCore.RequestLoggingMiddleware","RequestId":"0HNIPVJLT1902:00000006","ConnectionId":"0HNIPVJLT1902","EnvironmentName":"Production","MachineName":"PC_JEY","ThreadId":13}
[2026-01-22 22:26:46.298 +01:00 INF] HTTP GET /Sessions responded 200 in 843.2337 ms {"SourceContext":"Serilog.AspNetCore.RequestLoggingMiddleware","RequestId":"0HNIPVJLT1902:00000007","ConnectionId":"0HNIPVJLT1902","EnvironmentName":"Production","MachineName":"PC_JEY","ThreadId":11}
[2026-01-22 22:26:46.559 +01:00 INF] HTTP GET /Sessions responded 200 in 4.5484 ms {"SourceContext":"Serilog.AspNetCore.RequestLoggingMiddleware","RequestId":"0HNIPVJLT1902:00000008","ConnectionId":"0HNIPVJLT1902","EnvironmentName":"Production","MachineName":"PC_JEY","ThreadId":11}
[2026-01-22 22:26:47.450 +01:00 INF] HTTP GET /Clients responded 200 in 18.8650 ms {"SourceContext":"Serilog.AspNetCore.RequestLoggingMiddleware","RequestId":"0HNIPVJLT1902:00000009","ConnectionId":"0HNIPVJLT1902","EnvironmentName":"Production","MachineName":"PC_JEY","ThreadId":11}
[2026-01-22 22:26:48.087 +01:00 INF] HTTP GET /Stagiaires responded 200 in 29.1545 ms {"SourceContext":"Serilog.AspNetCore.RequestLoggingMiddleware","RequestId":"0HNIPVJLT1902:0000000A","ConnectionId":"0HNIPVJLT1902","EnvironmentName":"Production","MachineName":"PC_JEY","ThreadId":11}
[2026-01-22 22:26:49.213 +01:00 INF] HTTP GET /Documents responded 200 in 266.0288 ms {"SourceContext":"Serilog.AspNetCore.RequestLoggingMiddleware","RequestId":"0HNIPVJLT1902:0000000B","ConnectionId":"0HNIPVJLT1902","EnvironmentName":"Production","MachineName":"PC_JEY","ThreadId":13}
[2026-01-22 22:29:22.094 +01:00 INF] Démarrage de l'application FormatiX {"EnvironmentName":"Production","MachineName":"PC_JEY","ThreadId":2}
[2026-01-22 22:29:23.434 +01:00 INF] Base de données migrée avec succès {"SourceContext":"Program","EnvironmentName":"Production","MachineName":"PC_JEY","ThreadId":2}
[2026-01-22 22:29:23.802 +01:00 INF] Base de données initialisée avec succès {"SourceContext":"Program","EnvironmentName":"Production","MachineName":"PC_JEY","ThreadId":2}
[2026-01-22 22:29:23.804 +01:00 INF] Application FormatiX démarrée avec succès {"EnvironmentName":"Production","MachineName":"PC_JEY","ThreadId":2}
[2026-01-22 22:29:23.858 +01:00 INF] Now listening on: http://localhost:5000 {"EventId":{"Id":14,"Name":"ListeningOnAddress"},"SourceContext":"Microsoft.Hosting.Lifetime","EnvironmentName":"Production","MachineName":"PC_JEY","ThreadId":2}
[2026-01-22 22:29:23.859 +01:00 INF] Application started. Press Ctrl+C to shut down. {"SourceContext":"Microsoft.Hosting.Lifetime","EnvironmentName":"Production","MachineName":"PC_JEY","ThreadId":2}
[2026-01-22 22:29:23.859 +01:00 INF] Hosting environment: Production {"SourceContext":"Microsoft.Hosting.Lifetime","EnvironmentName":"Production","MachineName":"PC_JEY","ThreadId":2}
[2026-01-22 22:29:23.860 +01:00 INF] Content root path: C:\AI\Opagax {"SourceContext":"Microsoft.Hosting.Lifetime","EnvironmentName":"Production","MachineName":"PC_JEY","ThreadId":2}
[2026-01-22 22:29:41.653 +01:00 WRN] Failed to determine the https port for redirect. {"EventId":{"Id":3,"Name":"FailedToDeterminePort"},"SourceContext":"Microsoft.AspNetCore.HttpsPolicy.HttpsRedirectionMiddleware","RequestId":"0HNIPVLDB14U8:00000001","RequestPath":"/Documents","ConnectionId":"0HNIPVLDB14U8","EnvironmentName":"Production","MachineName":"PC_JEY","ThreadId":10}
[2026-01-22 22:29:41.898 +01:00 INF] HTTP GET /Documents responded 200 in 245.8079 ms {"SourceContext":"Serilog.AspNetCore.RequestLoggingMiddleware","RequestId":"0HNIPVLDB14U8:00000001","ConnectionId":"0HNIPVLDB14U8","EnvironmentName":"Production","MachineName":"PC_JEY","ThreadId":10}
[2026-01-22 22:29:42.091 +01:00 INF] HTTP GET /icon.png responded 200 in 11.8270 ms {"SourceContext":"Serilog.AspNetCore.RequestLoggingMiddleware","RequestId":"0HNIPVLDB14U8:00000002","ConnectionId":"0HNIPVLDB14U8","EnvironmentName":"Production","MachineName":"PC_JEY","ThreadId":8}
[2026-01-22 22:29:44.064 +01:00 INF] HTTP GET / responded 200 in 57.1149 ms {"SourceContext":"Serilog.AspNetCore.RequestLoggingMiddleware","RequestId":"0HNIPVLDB14U8:00000003","ConnectionId":"0HNIPVLDB14U8","EnvironmentName":"Production","MachineName":"PC_JEY","ThreadId":8}
[2026-01-22 22:32:06.187 +01:00 INF] Démarrage de l'application FormatiX {"EnvironmentName":"Production","MachineName":"PC_JEY","ThreadId":2}
[2026-01-22 22:32:08.163 +01:00 INF] Base de données migrée avec succès {"SourceContext":"Program","EnvironmentName":"Production","MachineName":"PC_JEY","ThreadId":2}
[2026-01-22 22:32:08.542 +01:00 INF] Base de données initialisée avec succès {"SourceContext":"Program","EnvironmentName":"Production","MachineName":"PC_JEY","ThreadId":2}
[2026-01-22 22:32:08.544 +01:00 INF] Application FormatiX démarrée avec succès {"EnvironmentName":"Production","MachineName":"PC_JEY","ThreadId":2}
[2026-01-22 22:32:08.603 +01:00 INF] Now listening on: http://localhost:5000 {"EventId":{"Id":14,"Name":"ListeningOnAddress"},"SourceContext":"Microsoft.Hosting.Lifetime","EnvironmentName":"Production","MachineName":"PC_JEY","ThreadId":2}
[2026-01-22 22:32:08.605 +01:00 INF] Application started. Press Ctrl+C to shut down. {"SourceContext":"Microsoft.Hosting.Lifetime","EnvironmentName":"Production","MachineName":"PC_JEY","ThreadId":2}
[2026-01-22 22:32:08.605 +01:00 INF] Hosting environment: Production {"SourceContext":"Microsoft.Hosting.Lifetime","EnvironmentName":"Production","MachineName":"PC_JEY","ThreadId":2}
[2026-01-22 22:32:08.606 +01:00 INF] Content root path: C:\AI\Opagax {"SourceContext":"Microsoft.Hosting.Lifetime","EnvironmentName":"Production","MachineName":"PC_JEY","ThreadId":2}
[2026-01-22 22:33:14.361 +01:00 INF] Démarrage de l'application FormatiX {"EnvironmentName":"Production","MachineName":"PC_JEY","ThreadId":2}
[2026-01-22 22:33:15.426 +01:00 INF] Base de données migrée avec succès {"SourceContext":"Program","EnvironmentName":"Production","MachineName":"PC_JEY","ThreadId":2}
[2026-01-22 22:33:15.751 +01:00 INF] Base de données initialisée avec succès {"SourceContext":"Program","EnvironmentName":"Production","MachineName":"PC_JEY","ThreadId":2}
[2026-01-22 22:33:15.752 +01:00 INF] Application FormatiX démarrée avec succès {"EnvironmentName":"Production","MachineName":"PC_JEY","ThreadId":2}
[2026-01-22 22:33:15.796 +01:00 INF] Now listening on: http://localhost:5000 {"EventId":{"Id":14,"Name":"ListeningOnAddress"},"SourceContext":"Microsoft.Hosting.Lifetime","EnvironmentName":"Production","MachineName":"PC_JEY","ThreadId":2}
[2026-01-22 22:33:15.797 +01:00 INF] Application started. Press Ctrl+C to shut down. {"SourceContext":"Microsoft.Hosting.Lifetime","EnvironmentName":"Production","MachineName":"PC_JEY","ThreadId":2}
[2026-01-22 22:33:15.797 +01:00 INF] Hosting environment: Production {"SourceContext":"Microsoft.Hosting.Lifetime","EnvironmentName":"Production","MachineName":"PC_JEY","ThreadId":2}
[2026-01-22 22:33:15.797 +01:00 INF] Content root path: C:\AI\Opagax {"SourceContext":"Microsoft.Hosting.Lifetime","EnvironmentName":"Production","MachineName":"PC_JEY","ThreadId":2}
[2026-01-22 22:44:09.978 +01:00 WRN] Failed to determine the https port for redirect. {"EventId":{"Id":3,"Name":"FailedToDeterminePort"},"SourceContext":"Microsoft.AspNetCore.HttpsPolicy.HttpsRedirectionMiddleware","RequestId":"0HNIPVTG400M7:00000001","RequestPath":"/","ConnectionId":"0HNIPVTG400M7","EnvironmentName":"Production","MachineName":"PC_JEY","ThreadId":27}
[2026-01-22 22:44:10.112 +01:00 INF] HTTP GET / responded 200 in 134.8500 ms {"SourceContext":"Serilog.AspNetCore.RequestLoggingMiddleware","RequestId":"0HNIPVTG400M7:00000001","ConnectionId":"0HNIPVTG400M7","EnvironmentName":"Production","MachineName":"PC_JEY","ThreadId":27}
[2026-01-22 22:44:10.307 +01:00 INF] HTTP GET /icon.png responded 200 in 7.2856 ms {"SourceContext":"Serilog.AspNetCore.RequestLoggingMiddleware","RequestId":"0HNIPVTG400M7:00000002","ConnectionId":"0HNIPVTG400M7","EnvironmentName":"Production","MachineName":"PC_JEY","ThreadId":27}
[2026-01-22 22:44:14.568 +01:00 INF] HTTP GET / responded 200 in 62.4821 ms {"SourceContext":"Serilog.AspNetCore.RequestLoggingMiddleware","RequestId":"0HNIPVTG400M7:00000003","ConnectionId":"0HNIPVTG400M7","EnvironmentName":"Production","MachineName":"PC_JEY","ThreadId":27}
[2026-01-22 22:44:14.710 +01:00 INF] HTTP GET /icon.png responded 200 in 1.5130 ms {"SourceContext":"Serilog.AspNetCore.RequestLoggingMiddleware","RequestId":"0HNIPVTG400M7:00000004","ConnectionId":"0HNIPVTG400M7","EnvironmentName":"Production","MachineName":"PC_JEY","ThreadId":28}
[2026-01-22 22:48:25.196 +01:00 INF] Démarrage de l'application FormatiX {"EnvironmentName":"Production","MachineName":"PC_JEY","ThreadId":2}
[2026-01-22 22:48:26.538 +01:00 INF] Base de données migrée avec succès {"SourceContext":"Program","EnvironmentName":"Production","MachineName":"PC_JEY","ThreadId":2}
[2026-01-22 22:48:26.916 +01:00 INF] Base de données initialisée avec succès {"SourceContext":"Program","EnvironmentName":"Production","MachineName":"PC_JEY","ThreadId":2}
[2026-01-22 22:48:26.918 +01:00 INF] Application FormatiX démarrée avec succès {"EnvironmentName":"Production","MachineName":"PC_JEY","ThreadId":2}
[2026-01-22 22:48:26.982 +01:00 INF] Now listening on: http://localhost:5000 {"EventId":{"Id":14,"Name":"ListeningOnAddress"},"SourceContext":"Microsoft.Hosting.Lifetime","EnvironmentName":"Production","MachineName":"PC_JEY","ThreadId":2}
[2026-01-22 22:48:26.983 +01:00 INF] Application started. Press Ctrl+C to shut down. {"SourceContext":"Microsoft.Hosting.Lifetime","EnvironmentName":"Production","MachineName":"PC_JEY","ThreadId":2}
[2026-01-22 22:48:26.983 +01:00 INF] Hosting environment: Production {"SourceContext":"Microsoft.Hosting.Lifetime","EnvironmentName":"Production","MachineName":"PC_JEY","ThreadId":2}
[2026-01-22 22:48:26.983 +01:00 INF] Content root path: C:\AI\Opagax {"SourceContext":"Microsoft.Hosting.Lifetime","EnvironmentName":"Production","MachineName":"PC_JEY","ThreadId":2}
[2026-01-22 23:00:21.873 +01:00 WRN] Failed to determine the https port for redirect. {"EventId":{"Id":3,"Name":"FailedToDeterminePort"},"SourceContext":"Microsoft.AspNetCore.HttpsPolicy.HttpsRedirectionMiddleware","RequestId":"0HNIQ06HOCV93:00000001","RequestPath":"/","ConnectionId":"0HNIQ06HOCV93","EnvironmentName":"Production","MachineName":"PC_JEY","ThreadId":30}
[2026-01-22 23:00:22.087 +01:00 INF] HTTP GET / responded 302 in 215.1874 ms {"SourceContext":"Serilog.AspNetCore.RequestLoggingMiddleware","RequestId":"0HNIQ06HOCV93:00000001","ConnectionId":"0HNIQ06HOCV93","EnvironmentName":"Production","MachineName":"PC_JEY","ThreadId":30}
[2026-01-22 23:00:22.322 +01:00 INF] HTTP GET /Account/Login responded 200 in 206.9162 ms {"SourceContext":"Serilog.AspNetCore.RequestLoggingMiddleware","RequestId":"0HNIQ06HOCV93:00000002","ConnectionId":"0HNIQ06HOCV93","EnvironmentName":"Production","MachineName":"PC_JEY","ThreadId":30}
[2026-01-22 23:00:33.361 +01:00 INF] Tentative de connexion pour admin@formationmanager.com {"SourceContext":"FormationManager.Controllers.AccountController","ActionId":"78fb36aa-0801-41c7-b752-f249be748b8a","ActionName":"FormationManager.Controllers.AccountController.Login (FormationManager)","RequestId":"0HNIQ06HOCV93:00000003","RequestPath":"/Account/Login","ConnectionId":"0HNIQ06HOCV93","EnvironmentName":"Production","MachineName":"PC_JEY","ThreadId":28}
[2026-01-22 23:00:33.795 +01:00 INF] Connexion réussie pour admin@formationmanager.com {"SourceContext":"FormationManager.Controllers.AccountController","ActionId":"78fb36aa-0801-41c7-b752-f249be748b8a","ActionName":"FormationManager.Controllers.AccountController.Login (FormationManager)","RequestId":"0HNIQ06HOCV93:00000003","RequestPath":"/Account/Login","ConnectionId":"0HNIQ06HOCV93","EnvironmentName":"Production","MachineName":"PC_JEY","ThreadId":28}
[2026-01-22 23:00:33.981 +01:00 INF] HTTP POST /Account/Login responded 302 in 707.1925 ms {"SourceContext":"Serilog.AspNetCore.RequestLoggingMiddleware","RequestId":"0HNIQ06HOCV93:00000003","ConnectionId":"0HNIQ06HOCV93","EnvironmentName":"Production","MachineName":"PC_JEY","ThreadId":28}
[2026-01-22 23:00:34.534 +01:00 INF] HTTP GET / responded 200 in 546.0805 ms {"SourceContext":"Serilog.AspNetCore.RequestLoggingMiddleware","RequestId":"0HNIQ06HOCV93:00000004","ConnectionId":"0HNIQ06HOCV93","EnvironmentName":"Production","MachineName":"PC_JEY","ThreadId":28}
[2026-01-22 23:00:38.947 +01:00 INF] HTTP GET /Admin/Dashboard responded 200 in 297.4293 ms {"SourceContext":"Serilog.AspNetCore.RequestLoggingMiddleware","RequestId":"0HNIQ06HOCV93:00000005","ConnectionId":"0HNIQ06HOCV93","EnvironmentName":"Production","MachineName":"PC_JEY","ThreadId":28}
[2026-01-22 23:00:41.971 +01:00 INF] HTTP GET /Formations responded 200 in 55.6099 ms {"SourceContext":"Serilog.AspNetCore.RequestLoggingMiddleware","RequestId":"0HNIQ06HOCV93:00000006","ConnectionId":"0HNIQ06HOCV93","EnvironmentName":"Production","MachineName":"PC_JEY","ThreadId":28}
[2026-01-22 23:00:44.611 +01:00 INF] HTTP GET /Sessions responded 200 in 98.2127 ms {"SourceContext":"Serilog.AspNetCore.RequestLoggingMiddleware","RequestId":"0HNIQ06HOCV93:00000007","ConnectionId":"0HNIQ06HOCV93","EnvironmentName":"Production","MachineName":"PC_JEY","ThreadId":28}
[2026-01-22 23:00:48.121 +01:00 INF] HTTP GET /Clients responded 200 in 54.0057 ms {"SourceContext":"Serilog.AspNetCore.RequestLoggingMiddleware","RequestId":"0HNIQ06HOCV93:00000008","ConnectionId":"0HNIQ06HOCV93","EnvironmentName":"Production","MachineName":"PC_JEY","ThreadId":30}
[2026-01-22 23:00:49.143 +01:00 INF] HTTP GET /Stagiaires responded 200 in 74.4035 ms {"SourceContext":"Serilog.AspNetCore.RequestLoggingMiddleware","RequestId":"0HNIQ06HOCV93:00000009","ConnectionId":"0HNIQ06HOCV93","EnvironmentName":"Production","MachineName":"PC_JEY","ThreadId":28}
[2026-01-22 23:00:50.149 +01:00 INF] HTTP GET /Documents responded 200 in 101.5846 ms {"SourceContext":"Serilog.AspNetCore.RequestLoggingMiddleware","RequestId":"0HNIQ06HOCV93:0000000A","ConnectionId":"0HNIQ06HOCV93","EnvironmentName":"Production","MachineName":"PC_JEY","ThreadId":30}
[2026-01-22 23:00:51.159 +01:00 INF] HTTP GET /QualiopiUi responded 200 in 63.9222 ms {"SourceContext":"Serilog.AspNetCore.RequestLoggingMiddleware","RequestId":"0HNIQ06HOCV93:0000000B","ConnectionId":"0HNIQ06HOCV93","EnvironmentName":"Production","MachineName":"PC_JEY","ThreadId":28}
[2026-01-22 23:00:54.000 +01:00 INF] HTTP GET /Bpf responded 200 in 28.9085 ms {"SourceContext":"Serilog.AspNetCore.RequestLoggingMiddleware","RequestId":"0HNIQ06HOCV93:0000000C","ConnectionId":"0HNIQ06HOCV93","EnvironmentName":"Production","MachineName":"PC_JEY","ThreadId":28}
[2026-01-22 23:00:57.087 +01:00 INF] HTTP GET /Settings responded 200 in 154.8513 ms {"SourceContext":"Serilog.AspNetCore.RequestLoggingMiddleware","RequestId":"0HNIQ06HOCV93:0000000D","ConnectionId":"0HNIQ06HOCV93","EnvironmentName":"Production","MachineName":"PC_JEY","ThreadId":28}
[2026-01-22 23:01:00.918 +01:00 INF] HTTP POST /Settings/DeleteSite responded 302 in 186.1128 ms {"SourceContext":"Serilog.AspNetCore.RequestLoggingMiddleware","RequestId":"0HNIQ06HOCV93:0000000E","ConnectionId":"0HNIQ06HOCV93","EnvironmentName":"Production","MachineName":"PC_JEY","ThreadId":30}
[2026-01-22 23:01:00.972 +01:00 INF] HTTP GET /Settings responded 200 in 45.7777 ms {"SourceContext":"Serilog.AspNetCore.RequestLoggingMiddleware","RequestId":"0HNIQ06HOCV93:0000000F","ConnectionId":"0HNIQ06HOCV93","EnvironmentName":"Production","MachineName":"PC_JEY","ThreadId":30}
[2026-01-22 23:01:02.433 +01:00 INF] HTTP POST /Settings/DeleteSite responded 302 in 11.2419 ms {"SourceContext":"Serilog.AspNetCore.RequestLoggingMiddleware","RequestId":"0HNIQ06HOCV93:00000010","ConnectionId":"0HNIQ06HOCV93","EnvironmentName":"Production","MachineName":"PC_JEY","ThreadId":30}
[2026-01-22 23:01:02.453 +01:00 INF] HTTP GET /Settings responded 200 in 11.2058 ms {"SourceContext":"Serilog.AspNetCore.RequestLoggingMiddleware","RequestId":"0HNIQ06HOCV93:00000011","ConnectionId":"0HNIQ06HOCV93","EnvironmentName":"Production","MachineName":"PC_JEY","ThreadId":30}
[2026-01-22 23:01:03.546 +01:00 INF] HTTP POST /Settings/DeleteSite responded 302 in 4.7130 ms {"SourceContext":"Serilog.AspNetCore.RequestLoggingMiddleware","RequestId":"0HNIQ06HOCV93:00000012","ConnectionId":"0HNIQ06HOCV93","EnvironmentName":"Production","MachineName":"PC_JEY","ThreadId":28}
[2026-01-22 23:01:03.565 +01:00 INF] HTTP GET /Settings responded 200 in 8.1174 ms {"SourceContext":"Serilog.AspNetCore.RequestLoggingMiddleware","RequestId":"0HNIQ06HOCV93:00000013","ConnectionId":"0HNIQ06HOCV93","EnvironmentName":"Production","MachineName":"PC_JEY","ThreadId":28}
[2026-01-22 23:01:05.322 +01:00 INF] HTTP POST /Settings/DeleteSite responded 302 in 3.6071 ms {"SourceContext":"Serilog.AspNetCore.RequestLoggingMiddleware","RequestId":"0HNIQ06HOCV93:00000014","ConnectionId":"0HNIQ06HOCV93","EnvironmentName":"Production","MachineName":"PC_JEY","ThreadId":28}
[2026-01-22 23:01:05.338 +01:00 INF] HTTP GET /Settings responded 200 in 7.4932 ms {"SourceContext":"Serilog.AspNetCore.RequestLoggingMiddleware","RequestId":"0HNIQ06HOCV93:00000015","ConnectionId":"0HNIQ06HOCV93","EnvironmentName":"Production","MachineName":"PC_JEY","ThreadId":28}
[2026-01-22 23:01:09.975 +01:00 INF] HTTP POST /Settings/DeleteSite responded 302 in 2.8167 ms {"SourceContext":"Serilog.AspNetCore.RequestLoggingMiddleware","RequestId":"0HNIQ06HOCV93:00000016","ConnectionId":"0HNIQ06HOCV93","EnvironmentName":"Production","MachineName":"PC_JEY","ThreadId":27}
[2026-01-22 23:01:09.988 +01:00 INF] HTTP GET /Settings responded 200 in 6.4852 ms {"SourceContext":"Serilog.AspNetCore.RequestLoggingMiddleware","RequestId":"0HNIQ06HOCV93:00000017","ConnectionId":"0HNIQ06HOCV93","EnvironmentName":"Production","MachineName":"PC_JEY","ThreadId":28}
[2026-01-22 23:01:11.345 +01:00 INF] HTTP POST /Settings/DeleteSite responded 302 in 4.8371 ms {"SourceContext":"Serilog.AspNetCore.RequestLoggingMiddleware","RequestId":"0HNIQ06HOCV93:00000018","ConnectionId":"0HNIQ06HOCV93","EnvironmentName":"Production","MachineName":"PC_JEY","ThreadId":28}
[2026-01-22 23:01:11.362 +01:00 INF] HTTP GET /Settings responded 200 in 9.9275 ms {"SourceContext":"Serilog.AspNetCore.RequestLoggingMiddleware","RequestId":"0HNIQ06HOCV93:00000019","ConnectionId":"0HNIQ06HOCV93","EnvironmentName":"Production","MachineName":"PC_JEY","ThreadId":27}
[2026-01-22 23:01:12.316 +01:00 INF] HTTP POST /Settings/DeleteSite responded 302 in 3.8817 ms {"SourceContext":"Serilog.AspNetCore.RequestLoggingMiddleware","RequestId":"0HNIQ06HOCV93:0000001A","ConnectionId":"0HNIQ06HOCV93","EnvironmentName":"Production","MachineName":"PC_JEY","ThreadId":28}
[2026-01-22 23:01:12.334 +01:00 INF] HTTP GET /Settings responded 200 in 9.7549 ms {"SourceContext":"Serilog.AspNetCore.RequestLoggingMiddleware","RequestId":"0HNIQ06HOCV93:0000001B","ConnectionId":"0HNIQ06HOCV93","EnvironmentName":"Production","MachineName":"PC_JEY","ThreadId":28}
[2026-01-22 23:01:43.569 +01:00 INF] HTTP POST /Settings/AddSite responded 302 in 52.7843 ms {"SourceContext":"Serilog.AspNetCore.RequestLoggingMiddleware","RequestId":"0HNIQ06HOCV93:0000001C","ConnectionId":"0HNIQ06HOCV93","EnvironmentName":"Production","MachineName":"PC_JEY","ThreadId":25}
[2026-01-22 23:01:43.582 +01:00 INF] HTTP GET /Settings responded 200 in 6.4261 ms {"SourceContext":"Serilog.AspNetCore.RequestLoggingMiddleware","RequestId":"0HNIQ06HOCV93:0000001D","ConnectionId":"0HNIQ06HOCV93","EnvironmentName":"Production","MachineName":"PC_JEY","ThreadId":27}
[2026-01-22 23:01:54.874 +01:00 INF] HTTP POST /Settings/AddSite responded 302 in 24.5627 ms {"SourceContext":"Serilog.AspNetCore.RequestLoggingMiddleware","RequestId":"0HNIQ06HOCV93:0000001E","ConnectionId":"0HNIQ06HOCV93","EnvironmentName":"Production","MachineName":"PC_JEY","ThreadId":27}
[2026-01-22 23:01:54.886 +01:00 INF] HTTP GET /Settings responded 200 in 5.9815 ms {"SourceContext":"Serilog.AspNetCore.RequestLoggingMiddleware","RequestId":"0HNIQ06HOCV93:0000001F","ConnectionId":"0HNIQ06HOCV93","EnvironmentName":"Production","MachineName":"PC_JEY","ThreadId":27}
[2026-01-22 23:01:56.986 +01:00 INF] HTTP POST /Settings/DeleteSite responded 302 in 3.6465 ms {"SourceContext":"Serilog.AspNetCore.RequestLoggingMiddleware","RequestId":"0HNIQ06HOCV93:00000020","ConnectionId":"0HNIQ06HOCV93","EnvironmentName":"Production","MachineName":"PC_JEY","ThreadId":27}
[2026-01-22 23:01:57.009 +01:00 INF] HTTP GET /Settings responded 200 in 9.9926 ms {"SourceContext":"Serilog.AspNetCore.RequestLoggingMiddleware","RequestId":"0HNIQ06HOCV93:00000021","ConnectionId":"0HNIQ06HOCV93","EnvironmentName":"Production","MachineName":"PC_JEY","ThreadId":25}
[2026-01-22 23:02:02.090 +01:00 INF] HTTP GET /.well-known/appspecific/com.chrome.devtools.json responded 404 in 2.7067 ms {"SourceContext":"Serilog.AspNetCore.RequestLoggingMiddleware","RequestId":"0HNIQ06HOCV93:00000022","ConnectionId":"0HNIQ06HOCV93","EnvironmentName":"Production","MachineName":"PC_JEY","ThreadId":25}
[2026-01-22 23:02:04.999 +01:00 INF] HTTP POST /Settings/DeleteSite responded 302 in 3.6428 ms {"SourceContext":"Serilog.AspNetCore.RequestLoggingMiddleware","RequestId":"0HNIQ06HOCV93:00000023","ConnectionId":"0HNIQ06HOCV93","EnvironmentName":"Production","MachineName":"PC_JEY","ThreadId":27}
[2026-01-22 23:02:05.020 +01:00 INF] HTTP GET /Settings responded 200 in 8.4048 ms {"SourceContext":"Serilog.AspNetCore.RequestLoggingMiddleware","RequestId":"0HNIQ06HOCV93:00000024","ConnectionId":"0HNIQ06HOCV93","EnvironmentName":"Production","MachineName":"PC_JEY","ThreadId":27}
[2026-01-22 23:02:05.057 +01:00 INF] HTTP GET /.well-known/appspecific/com.chrome.devtools.json responded 404 in 0.9916 ms {"SourceContext":"Serilog.AspNetCore.RequestLoggingMiddleware","RequestId":"0HNIQ06HOCV93:00000025","ConnectionId":"0HNIQ06HOCV93","EnvironmentName":"Production","MachineName":"PC_JEY","ThreadId":25}
[2026-01-22 23:02:06.200 +01:00 INF] HTTP POST /Settings/DeleteSite responded 302 in 3.6352 ms {"SourceContext":"Serilog.AspNetCore.RequestLoggingMiddleware","RequestId":"0HNIQ06HOCV93:00000026","ConnectionId":"0HNIQ06HOCV93","EnvironmentName":"Production","MachineName":"PC_JEY","ThreadId":27}
[2026-01-22 23:02:06.217 +01:00 INF] HTTP GET /Settings responded 200 in 7.7560 ms {"SourceContext":"Serilog.AspNetCore.RequestLoggingMiddleware","RequestId":"0HNIQ06HOCV93:00000027","ConnectionId":"0HNIQ06HOCV93","EnvironmentName":"Production","MachineName":"PC_JEY","ThreadId":25}
[2026-01-22 23:02:06.286 +01:00 INF] HTTP GET /.well-known/appspecific/com.chrome.devtools.json responded 404 in 0.7179 ms {"SourceContext":"Serilog.AspNetCore.RequestLoggingMiddleware","RequestId":"0HNIQ06HOCV93:00000028","ConnectionId":"0HNIQ06HOCV93","EnvironmentName":"Production","MachineName":"PC_JEY","ThreadId":27}
[2026-01-22 23:02:07.181 +01:00 INF] HTTP POST /Settings/DeleteSite responded 302 in 3.5604 ms {"SourceContext":"Serilog.AspNetCore.RequestLoggingMiddleware","RequestId":"0HNIQ06HOCV93:00000029","ConnectionId":"0HNIQ06HOCV93","EnvironmentName":"Production","MachineName":"PC_JEY","ThreadId":27}
[2026-01-22 23:02:07.197 +01:00 INF] HTTP GET /Settings responded 200 in 7.0285 ms {"SourceContext":"Serilog.AspNetCore.RequestLoggingMiddleware","RequestId":"0HNIQ06HOCV93:0000002A","ConnectionId":"0HNIQ06HOCV93","EnvironmentName":"Production","MachineName":"PC_JEY","ThreadId":25}
[2026-01-22 23:02:07.226 +01:00 INF] HTTP GET /.well-known/appspecific/com.chrome.devtools.json responded 404 in 0.8065 ms {"SourceContext":"Serilog.AspNetCore.RequestLoggingMiddleware","RequestId":"0HNIQ06HOCV93:0000002B","ConnectionId":"0HNIQ06HOCV93","EnvironmentName":"Production","MachineName":"PC_JEY","ThreadId":25}
[2026-01-22 23:02:07.867 +01:00 INF] HTTP POST /Settings/DeleteSite responded 302 in 3.3811 ms {"SourceContext":"Serilog.AspNetCore.RequestLoggingMiddleware","RequestId":"0HNIQ06HOCV93:0000002C","ConnectionId":"0HNIQ06HOCV93","EnvironmentName":"Production","MachineName":"PC_JEY","ThreadId":27}
[2026-01-22 23:02:07.886 +01:00 INF] HTTP GET /Settings responded 200 in 8.0735 ms {"SourceContext":"Serilog.AspNetCore.RequestLoggingMiddleware","RequestId":"0HNIQ06HOCV93:0000002D","ConnectionId":"0HNIQ06HOCV93","EnvironmentName":"Production","MachineName":"PC_JEY","ThreadId":27}
[2026-01-22 23:02:07.916 +01:00 INF] HTTP GET /.well-known/appspecific/com.chrome.devtools.json responded 404 in 0.8024 ms {"SourceContext":"Serilog.AspNetCore.RequestLoggingMiddleware","RequestId":"0HNIQ06HOCV93:0000002E","ConnectionId":"0HNIQ06HOCV93","EnvironmentName":"Production","MachineName":"PC_JEY","ThreadId":27}
[2026-01-22 23:02:10.334 +01:00 INF] HTTP POST /Settings/ToggleSite responded 302 in 27.8297 ms {"SourceContext":"Serilog.AspNetCore.RequestLoggingMiddleware","RequestId":"0HNIQ06HOCV93:0000002F","ConnectionId":"0HNIQ06HOCV93","EnvironmentName":"Production","MachineName":"PC_JEY","ThreadId":25}
[2026-01-22 23:02:10.348 +01:00 INF] HTTP GET /Settings responded 200 in 5.9646 ms {"SourceContext":"Serilog.AspNetCore.RequestLoggingMiddleware","RequestId":"0HNIQ06HOCV93:00000030","ConnectionId":"0HNIQ06HOCV93","EnvironmentName":"Production","MachineName":"PC_JEY","ThreadId":27}
[2026-01-22 23:02:10.383 +01:00 INF] HTTP GET /.well-known/appspecific/com.chrome.devtools.json responded 404 in 0.6421 ms {"SourceContext":"Serilog.AspNetCore.RequestLoggingMiddleware","RequestId":"0HNIQ06HOCV93:00000031","ConnectionId":"0HNIQ06HOCV93","EnvironmentName":"Production","MachineName":"PC_JEY","ThreadId":27}
[2026-01-22 23:02:11.522 +01:00 INF] HTTP POST /Settings/DeleteSite responded 302 in 4.2147 ms {"SourceContext":"Serilog.AspNetCore.RequestLoggingMiddleware","RequestId":"0HNIQ06HOCV93:00000032","ConnectionId":"0HNIQ06HOCV93","EnvironmentName":"Production","MachineName":"PC_JEY","ThreadId":27}
[2026-01-22 23:02:11.539 +01:00 INF] HTTP GET /Settings responded 200 in 7.4607 ms {"SourceContext":"Serilog.AspNetCore.RequestLoggingMiddleware","RequestId":"0HNIQ06HOCV93:00000033","ConnectionId":"0HNIQ06HOCV93","EnvironmentName":"Production","MachineName":"PC_JEY","ThreadId":25}
[2026-01-22 23:02:11.572 +01:00 INF] HTTP GET /.well-known/appspecific/com.chrome.devtools.json responded 404 in 0.9012 ms {"SourceContext":"Serilog.AspNetCore.RequestLoggingMiddleware","RequestId":"0HNIQ06HOCV93:00000034","ConnectionId":"0HNIQ06HOCV93","EnvironmentName":"Production","MachineName":"PC_JEY","ThreadId":27}
[2026-01-22 23:02:46.728 +01:00 INF] HTTP GET /Clients responded 200 in 13.4232 ms {"SourceContext":"Serilog.AspNetCore.RequestLoggingMiddleware","RequestId":"0HNIQ06HOCV96:00000001","ConnectionId":"0HNIQ06HOCV96","EnvironmentName":"Production","MachineName":"PC_JEY","ThreadId":22}
[2026-01-22 23:02:46.794 +01:00 INF] HTTP GET /.well-known/appspecific/com.chrome.devtools.json responded 404 in 2.3414 ms {"SourceContext":"Serilog.AspNetCore.RequestLoggingMiddleware","RequestId":"0HNIQ06HOCV96:00000002","ConnectionId":"0HNIQ06HOCV96","EnvironmentName":"Production","MachineName":"PC_JEY","ThreadId":27}
[2026-01-22 23:02:48.623 +01:00 INF] HTTP GET /Clients/Create responded 200 in 156.6933 ms {"SourceContext":"Serilog.AspNetCore.RequestLoggingMiddleware","RequestId":"0HNIQ06HOCV96:00000003","ConnectionId":"0HNIQ06HOCV96","EnvironmentName":"Production","MachineName":"PC_JEY","ThreadId":22}
[2026-01-22 23:02:48.675 +01:00 INF] HTTP GET /.well-known/appspecific/com.chrome.devtools.json responded 404 in 1.5820 ms {"SourceContext":"Serilog.AspNetCore.RequestLoggingMiddleware","RequestId":"0HNIQ06HOCV96:00000004","ConnectionId":"0HNIQ06HOCV96","EnvironmentName":"Production","MachineName":"PC_JEY","ThreadId":22}
[2026-01-22 23:03:19.475 +01:00 INF] HTTP GET / responded 200 in 13.1054 ms {"SourceContext":"Serilog.AspNetCore.RequestLoggingMiddleware","RequestId":"0HNIQ06HOCV96:00000005","ConnectionId":"0HNIQ06HOCV96","EnvironmentName":"Production","MachineName":"PC_JEY","ThreadId":23}
[2026-01-22 23:03:19.523 +01:00 INF] HTTP GET /.well-known/appspecific/com.chrome.devtools.json responded 404 in 1.2027 ms {"SourceContext":"Serilog.AspNetCore.RequestLoggingMiddleware","RequestId":"0HNIQ06HOCV96:00000006","ConnectionId":"0HNIQ06HOCV96","EnvironmentName":"Production","MachineName":"PC_JEY","ThreadId":20}
[2026-01-22 23:03:24.390 +01:00 INF] HTTP GET /Bpf responded 200 in 4.7098 ms {"SourceContext":"Serilog.AspNetCore.RequestLoggingMiddleware","RequestId":"0HNIQ06HOCV96:00000007","ConnectionId":"0HNIQ06HOCV96","EnvironmentName":"Production","MachineName":"PC_JEY","ThreadId":23}
[2026-01-22 23:03:24.437 +01:00 INF] HTTP GET /.well-known/appspecific/com.chrome.devtools.json responded 404 in 1.5393 ms {"SourceContext":"Serilog.AspNetCore.RequestLoggingMiddleware","RequestId":"0HNIQ06HOCV96:00000008","ConnectionId":"0HNIQ06HOCV96","EnvironmentName":"Production","MachineName":"PC_JEY","ThreadId":20}
[2026-01-22 23:03:30.646 +01:00 INF] HTTP GET /Formations responded 200 in 10.0997 ms {"SourceContext":"Serilog.AspNetCore.RequestLoggingMiddleware","RequestId":"0HNIQ06HOCV96:00000009","ConnectionId":"0HNIQ06HOCV96","EnvironmentName":"Production","MachineName":"PC_JEY","ThreadId":20}
[2026-01-22 23:03:30.713 +01:00 INF] HTTP GET /.well-known/appspecific/com.chrome.devtools.json responded 404 in 1.1876 ms {"SourceContext":"Serilog.AspNetCore.RequestLoggingMiddleware","RequestId":"0HNIQ06HOCV96:0000000A","ConnectionId":"0HNIQ06HOCV96","EnvironmentName":"Production","MachineName":"PC_JEY","ThreadId":20}
[2026-01-22 23:03:37.813 +01:00 INF] HTTP GET /Documents/Upload responded 200 in 85.6531 ms {"SourceContext":"Serilog.AspNetCore.RequestLoggingMiddleware","RequestId":"0HNIQ06HOCV96:0000000B","ConnectionId":"0HNIQ06HOCV96","EnvironmentName":"Production","MachineName":"PC_JEY","ThreadId":23}
[2026-01-22 23:03:37.876 +01:00 INF] HTTP GET /.well-known/appspecific/com.chrome.devtools.json responded 404 in 1.1940 ms {"SourceContext":"Serilog.AspNetCore.RequestLoggingMiddleware","RequestId":"0HNIQ06HOCV96:0000000C","ConnectionId":"0HNIQ06HOCV96","EnvironmentName":"Production","MachineName":"PC_JEY","ThreadId":20}
[2026-01-22 23:04:30.673 +01:00 INF] Démarrage de l'application FormatiX {"EnvironmentName":"Production","MachineName":"PC_JEY","ThreadId":2}
[2026-01-22 23:04:32.285 +01:00 INF] Base de données migrée avec succès {"SourceContext":"Program","EnvironmentName":"Production","MachineName":"PC_JEY","ThreadId":2}
[2026-01-22 23:04:32.867 +01:00 INF] Base de données initialisée avec succès {"SourceContext":"Program","EnvironmentName":"Production","MachineName":"PC_JEY","ThreadId":2}
[2026-01-22 23:04:32.869 +01:00 INF] Application FormatiX démarrée avec succès {"EnvironmentName":"Production","MachineName":"PC_JEY","ThreadId":2}
[2026-01-22 23:04:32.927 +01:00 INF] Now listening on: http://localhost:5000 {"EventId":{"Id":14,"Name":"ListeningOnAddress"},"SourceContext":"Microsoft.Hosting.Lifetime","EnvironmentName":"Production","MachineName":"PC_JEY","ThreadId":2}
[2026-01-22 23:04:32.928 +01:00 INF] Application started. Press Ctrl+C to shut down. {"SourceContext":"Microsoft.Hosting.Lifetime","EnvironmentName":"Production","MachineName":"PC_JEY","ThreadId":2}
[2026-01-22 23:04:32.928 +01:00 INF] Hosting environment: Production {"SourceContext":"Microsoft.Hosting.Lifetime","EnvironmentName":"Production","MachineName":"PC_JEY","ThreadId":2}
[2026-01-22 23:04:32.928 +01:00 INF] Content root path: C:\AI\Opagax {"SourceContext":"Microsoft.Hosting.Lifetime","EnvironmentName":"Production","MachineName":"PC_JEY","ThreadId":2}
[2026-01-22 23:04:36.161 +01:00 WRN] Failed to determine the https port for redirect. {"EventId":{"Id":3,"Name":"FailedToDeterminePort"},"SourceContext":"Microsoft.AspNetCore.HttpsPolicy.HttpsRedirectionMiddleware","RequestId":"0HNIQ08THNCD0:00000001","RequestPath":"/Documents","ConnectionId":"0HNIQ08THNCD0","EnvironmentName":"Production","MachineName":"PC_JEY","ThreadId":8}
[2026-01-22 23:04:36.591 +01:00 INF] HTTP GET /Documents responded 200 in 430.0228 ms {"SourceContext":"Serilog.AspNetCore.RequestLoggingMiddleware","RequestId":"0HNIQ08THNCD0:00000001","ConnectionId":"0HNIQ08THNCD0","EnvironmentName":"Production","MachineName":"PC_JEY","ThreadId":8}
[2026-01-22 23:04:36.684 +01:00 INF] HTTP GET /.well-known/appspecific/com.chrome.devtools.json responded 404 in 8.8121 ms {"SourceContext":"Serilog.AspNetCore.RequestLoggingMiddleware","RequestId":"0HNIQ08THNCD0:00000002","ConnectionId":"0HNIQ08THNCD0","EnvironmentName":"Production","MachineName":"PC_JEY","ThreadId":10}
[2026-01-22 23:04:43.184 +01:00 INF] HTTP GET /Documents responded 200 in 172.9904 ms {"SourceContext":"Serilog.AspNetCore.RequestLoggingMiddleware","RequestId":"0HNIQ08THNCD0:00000003","ConnectionId":"0HNIQ08THNCD0","EnvironmentName":"Production","MachineName":"PC_JEY","ThreadId":8}
[2026-01-22 23:04:43.224 +01:00 INF] HTTP GET /.well-known/appspecific/com.chrome.devtools.json responded 404 in 1.6949 ms {"SourceContext":"Serilog.AspNetCore.RequestLoggingMiddleware","RequestId":"0HNIQ08THNCD0:00000004","ConnectionId":"0HNIQ08THNCD0","EnvironmentName":"Production","MachineName":"PC_JEY","ThreadId":8}
[2026-01-22 23:04:43.470 +01:00 INF] HTTP GET /icon.png responded 200 in 12.2532 ms {"SourceContext":"Serilog.AspNetCore.RequestLoggingMiddleware","RequestId":"0HNIQ08THNCD0:00000005","ConnectionId":"0HNIQ08THNCD0","EnvironmentName":"Production","MachineName":"PC_JEY","ThreadId":6}
[2026-01-22 23:04:48.333 +01:00 INF] HTTP GET /Settings responded 200 in 201.2535 ms {"SourceContext":"Serilog.AspNetCore.RequestLoggingMiddleware","RequestId":"0HNIQ08THNCD0:00000006","ConnectionId":"0HNIQ08THNCD0","EnvironmentName":"Production","MachineName":"PC_JEY","ThreadId":8}
[2026-01-22 23:04:48.379 +01:00 INF] HTTP GET /.well-known/appspecific/com.chrome.devtools.json responded 404 in 2.3680 ms {"SourceContext":"Serilog.AspNetCore.RequestLoggingMiddleware","RequestId":"0HNIQ08THNCD0:00000007","ConnectionId":"0HNIQ08THNCD0","EnvironmentName":"Production","MachineName":"PC_JEY","ThreadId":6}
[2026-01-22 23:04:55.045 +01:00 INF] HTTP POST /Settings/DeleteSite responded 302 in 189.2357 ms {"SourceContext":"Serilog.AspNetCore.RequestLoggingMiddleware","RequestId":"0HNIQ08THNCD0:00000008","ConnectionId":"0HNIQ08THNCD0","EnvironmentName":"Production","MachineName":"PC_JEY","ThreadId":6}
[2026-01-22 23:04:55.091 +01:00 INF] HTTP GET /Settings responded 200 in 38.5625 ms {"SourceContext":"Serilog.AspNetCore.RequestLoggingMiddleware","RequestId":"0HNIQ08THNCD0:00000009","ConnectionId":"0HNIQ08THNCD0","EnvironmentName":"Production","MachineName":"PC_JEY","ThreadId":8}
[2026-01-22 23:04:55.129 +01:00 INF] HTTP GET /.well-known/appspecific/com.chrome.devtools.json responded 404 in 1.7681 ms {"SourceContext":"Serilog.AspNetCore.RequestLoggingMiddleware","RequestId":"0HNIQ08THNCD0:0000000A","ConnectionId":"0HNIQ08THNCD0","EnvironmentName":"Production","MachineName":"PC_JEY","ThreadId":8}
[2026-01-22 23:05:01.017 +01:00 INF] HTTP POST /Settings/DeleteSite responded 302 in 19.2315 ms {"SourceContext":"Serilog.AspNetCore.RequestLoggingMiddleware","RequestId":"0HNIQ08THNCD0:0000000B","ConnectionId":"0HNIQ08THNCD0","EnvironmentName":"Production","MachineName":"PC_JEY","ThreadId":8}
[2026-01-22 23:05:01.036 +01:00 INF] HTTP GET /Settings responded 200 in 10.8003 ms {"SourceContext":"Serilog.AspNetCore.RequestLoggingMiddleware","RequestId":"0HNIQ08THNCD0:0000000C","ConnectionId":"0HNIQ08THNCD0","EnvironmentName":"Production","MachineName":"PC_JEY","ThreadId":8}
[2026-01-22 23:05:01.063 +01:00 INF] HTTP GET /.well-known/appspecific/com.chrome.devtools.json responded 404 in 3.0767 ms {"SourceContext":"Serilog.AspNetCore.RequestLoggingMiddleware","RequestId":"0HNIQ08THNCD0:0000000D","ConnectionId":"0HNIQ08THNCD0","EnvironmentName":"Production","MachineName":"PC_JEY","ThreadId":6}
[2026-01-22 23:07:48.246 +01:00 INF] Démarrage de l'application FormatiX {"EnvironmentName":"Production","MachineName":"PC_JEY","ThreadId":2}
[2026-01-22 23:07:49.837 +01:00 INF] Base de données migrée avec succès {"SourceContext":"Program","EnvironmentName":"Production","MachineName":"PC_JEY","ThreadId":2}
[2026-01-22 23:07:50.342 +01:00 INF] Base de données initialisée avec succès {"SourceContext":"Program","EnvironmentName":"Production","MachineName":"PC_JEY","ThreadId":2}
[2026-01-22 23:07:50.344 +01:00 INF] Application FormatiX démarrée avec succès {"EnvironmentName":"Production","MachineName":"PC_JEY","ThreadId":2}
[2026-01-22 23:07:50.428 +01:00 INF] Now listening on: http://localhost:5000 {"EventId":{"Id":14,"Name":"ListeningOnAddress"},"SourceContext":"Microsoft.Hosting.Lifetime","EnvironmentName":"Production","MachineName":"PC_JEY","ThreadId":2}
[2026-01-22 23:07:50.429 +01:00 INF] Application started. Press Ctrl+C to shut down. {"SourceContext":"Microsoft.Hosting.Lifetime","EnvironmentName":"Production","MachineName":"PC_JEY","ThreadId":2}
[2026-01-22 23:07:50.429 +01:00 INF] Hosting environment: Production {"SourceContext":"Microsoft.Hosting.Lifetime","EnvironmentName":"Production","MachineName":"PC_JEY","ThreadId":2}
[2026-01-22 23:07:50.430 +01:00 INF] Content root path: C:\AI\Opagax {"SourceContext":"Microsoft.Hosting.Lifetime","EnvironmentName":"Production","MachineName":"PC_JEY","ThreadId":2}
[2026-01-22 23:09:58.740 +01:00 INF] Démarrage de l'application FormatiX {"EnvironmentName":"Production","MachineName":"PC_JEY","ThreadId":2}
[2026-01-22 23:10:00.310 +01:00 INF] Base de données migrée avec succès {"SourceContext":"Program","EnvironmentName":"Production","MachineName":"PC_JEY","ThreadId":2}
[2026-01-22 23:10:00.735 +01:00 INF] Base de données initialisée avec succès {"SourceContext":"Program","EnvironmentName":"Production","MachineName":"PC_JEY","ThreadId":2}
[2026-01-22 23:10:00.736 +01:00 INF] Application FormatiX démarrée avec succès {"EnvironmentName":"Production","MachineName":"PC_JEY","ThreadId":2}
[2026-01-22 23:10:00.795 +01:00 INF] Now listening on: http://localhost:5000 {"EventId":{"Id":14,"Name":"ListeningOnAddress"},"SourceContext":"Microsoft.Hosting.Lifetime","EnvironmentName":"Production","MachineName":"PC_JEY","ThreadId":2}
[2026-01-22 23:10:00.796 +01:00 INF] Application started. Press Ctrl+C to shut down. {"SourceContext":"Microsoft.Hosting.Lifetime","EnvironmentName":"Production","MachineName":"PC_JEY","ThreadId":2}
[2026-01-22 23:10:00.796 +01:00 INF] Hosting environment: Production {"SourceContext":"Microsoft.Hosting.Lifetime","EnvironmentName":"Production","MachineName":"PC_JEY","ThreadId":2}
[2026-01-22 23:10:00.797 +01:00 INF] Content root path: C:\AI\Opagax {"SourceContext":"Microsoft.Hosting.Lifetime","EnvironmentName":"Production","MachineName":"PC_JEY","ThreadId":2}
[2026-01-22 23:10:23.111 +01:00 WRN] Failed to determine the https port for redirect. {"EventId":{"Id":3,"Name":"FailedToDeterminePort"},"SourceContext":"Microsoft.AspNetCore.HttpsPolicy.HttpsRedirectionMiddleware","RequestId":"0HNIQ0C4U8ALQ:00000001","RequestPath":"/Settings","ConnectionId":"0HNIQ0C4U8ALQ","EnvironmentName":"Production","MachineName":"PC_JEY","ThreadId":10}
[2026-01-22 23:10:23.595 +01:00 INF] HTTP GET /Settings responded 200 in 485.1905 ms {"SourceContext":"Serilog.AspNetCore.RequestLoggingMiddleware","RequestId":"0HNIQ0C4U8ALQ:00000001","ConnectionId":"0HNIQ0C4U8ALQ","EnvironmentName":"Production","MachineName":"PC_JEY","ThreadId":10}
[2026-01-22 23:10:23.650 +01:00 INF] HTTP GET /.well-known/appspecific/com.chrome.devtools.json responded 404 in 12.1745 ms {"SourceContext":"Serilog.AspNetCore.RequestLoggingMiddleware","RequestId":"0HNIQ0C4U8ALQ:00000002","ConnectionId":"0HNIQ0C4U8ALQ","EnvironmentName":"Production","MachineName":"PC_JEY","ThreadId":10}
[2026-01-22 23:10:23.900 +01:00 INF] HTTP GET /icon.png responded 200 in 9.8555 ms {"SourceContext":"Serilog.AspNetCore.RequestLoggingMiddleware","RequestId":"0HNIQ0C4U8ALQ:00000003","ConnectionId":"0HNIQ0C4U8ALQ","EnvironmentName":"Production","MachineName":"PC_JEY","ThreadId":10}
[2026-01-22 23:10:39.442 +01:00 INF] HTTP POST /Settings/DeleteSite responded 302 in 465.8846 ms {"SourceContext":"Serilog.AspNetCore.RequestLoggingMiddleware","RequestId":"0HNIQ0C4U8ALQ:00000004","ConnectionId":"0HNIQ0C4U8ALQ","EnvironmentName":"Production","MachineName":"PC_JEY","ThreadId":11}
[2026-01-22 23:10:39.502 +01:00 INF] HTTP GET /Settings responded 200 in 50.8515 ms {"SourceContext":"Serilog.AspNetCore.RequestLoggingMiddleware","RequestId":"0HNIQ0C4U8ALQ:00000005","ConnectionId":"0HNIQ0C4U8ALQ","EnvironmentName":"Production","MachineName":"PC_JEY","ThreadId":10}
[2026-01-22 23:10:43.180 +01:00 INF] HTTP POST /Settings/DeleteSite responded 302 in 87.3055 ms {"SourceContext":"Serilog.AspNetCore.RequestLoggingMiddleware","RequestId":"0HNIQ0C4U8ALQ:00000006","ConnectionId":"0HNIQ0C4U8ALQ","EnvironmentName":"Production","MachineName":"PC_JEY","ThreadId":10}
[2026-01-22 23:10:43.206 +01:00 INF] HTTP GET /Settings responded 200 in 17.5220 ms {"SourceContext":"Serilog.AspNetCore.RequestLoggingMiddleware","RequestId":"0HNIQ0C4U8ALQ:00000007","ConnectionId":"0HNIQ0C4U8ALQ","EnvironmentName":"Production","MachineName":"PC_JEY","ThreadId":10}
[2026-01-22 23:10:48.142 +01:00 INF] HTTP POST /Settings/DeleteSite responded 302 in 72.0084 ms {"SourceContext":"Serilog.AspNetCore.RequestLoggingMiddleware","RequestId":"0HNIQ0C4U8ALQ:00000008","ConnectionId":"0HNIQ0C4U8ALQ","EnvironmentName":"Production","MachineName":"PC_JEY","ThreadId":11}
[2026-01-22 23:10:48.161 +01:00 INF] HTTP GET /Settings responded 200 in 10.4002 ms {"SourceContext":"Serilog.AspNetCore.RequestLoggingMiddleware","RequestId":"0HNIQ0C4U8ALQ:00000009","ConnectionId":"0HNIQ0C4U8ALQ","EnvironmentName":"Production","MachineName":"PC_JEY","ThreadId":10}
[2026-01-22 23:10:51.057 +01:00 INF] HTTP POST /Settings/DeleteSite responded 302 in 70.0824 ms {"SourceContext":"Serilog.AspNetCore.RequestLoggingMiddleware","RequestId":"0HNIQ0C4U8ALQ:0000000A","ConnectionId":"0HNIQ0C4U8ALQ","EnvironmentName":"Production","MachineName":"PC_JEY","ThreadId":10}
[2026-01-22 23:10:51.075 +01:00 INF] HTTP GET /Settings responded 200 in 9.1376 ms {"SourceContext":"Serilog.AspNetCore.RequestLoggingMiddleware","RequestId":"0HNIQ0C4U8ALQ:0000000B","ConnectionId":"0HNIQ0C4U8ALQ","EnvironmentName":"Production","MachineName":"PC_JEY","ThreadId":10}
[2026-01-22 23:12:19.684 +01:00 INF] HTTP POST /Settings/ToggleSite responded 302 in 88.4642 ms {"SourceContext":"Serilog.AspNetCore.RequestLoggingMiddleware","RequestId":"0HNIQ0C4U8ALQ:0000000C","ConnectionId":"0HNIQ0C4U8ALQ","EnvironmentName":"Production","MachineName":"PC_JEY","ThreadId":14}
[2026-01-22 23:12:19.704 +01:00 INF] HTTP GET /Settings responded 200 in 11.4120 ms {"SourceContext":"Serilog.AspNetCore.RequestLoggingMiddleware","RequestId":"0HNIQ0C4U8ALQ:0000000D","ConnectionId":"0HNIQ0C4U8ALQ","EnvironmentName":"Production","MachineName":"PC_JEY","ThreadId":3}
[2026-01-22 23:12:46.940 +01:00 INF] HTTP POST /Settings/RenameSite responded 302 in 32.9282 ms {"SourceContext":"Serilog.AspNetCore.RequestLoggingMiddleware","RequestId":"0HNIQ0C4U8ALQ:0000000E","ConnectionId":"0HNIQ0C4U8ALQ","EnvironmentName":"Production","MachineName":"PC_JEY","ThreadId":13}
[2026-01-22 23:12:46.956 +01:00 INF] HTTP GET /Settings responded 200 in 8.0600 ms {"SourceContext":"Serilog.AspNetCore.RequestLoggingMiddleware","RequestId":"0HNIQ0C4U8ALQ:0000000F","ConnectionId":"0HNIQ0C4U8ALQ","EnvironmentName":"Production","MachineName":"PC_JEY","ThreadId":13}
[2026-01-22 23:14:37.794 +01:00 INF] HTTP POST /Settings/AddSite responded 302 in 140.8897 ms {"SourceContext":"Serilog.AspNetCore.RequestLoggingMiddleware","RequestId":"0HNIQ0C4U8ALQ:00000010","ConnectionId":"0HNIQ0C4U8ALQ","EnvironmentName":"Production","MachineName":"PC_JEY","ThreadId":23}
[2026-01-22 23:14:37.810 +01:00 INF] HTTP GET /Settings responded 200 in 8.1399 ms {"SourceContext":"Serilog.AspNetCore.RequestLoggingMiddleware","RequestId":"0HNIQ0C4U8ALQ:00000011","ConnectionId":"0HNIQ0C4U8ALQ","EnvironmentName":"Production","MachineName":"PC_JEY","ThreadId":23}
[2026-01-22 23:14:45.532 +01:00 INF] HTTP POST /Settings/RenameSite responded 302 in 40.4948 ms {"SourceContext":"Serilog.AspNetCore.RequestLoggingMiddleware","RequestId":"0HNIQ0C4U8ALQ:00000012","ConnectionId":"0HNIQ0C4U8ALQ","EnvironmentName":"Production","MachineName":"PC_JEY","ThreadId":23}
[2026-01-22 23:14:45.546 +01:00 INF] HTTP GET /Settings responded 200 in 6.9543 ms {"SourceContext":"Serilog.AspNetCore.RequestLoggingMiddleware","RequestId":"0HNIQ0C4U8ALQ:00000013","ConnectionId":"0HNIQ0C4U8ALQ","EnvironmentName":"Production","MachineName":"PC_JEY","ThreadId":23}
[2026-01-22 23:15:22.470 +01:00 INF] HTTP POST /Settings/AddSite responded 302 in 58.3927 ms {"SourceContext":"Serilog.AspNetCore.RequestLoggingMiddleware","RequestId":"0HNIQ0C4U8ALQ:00000014","ConnectionId":"0HNIQ0C4U8ALQ","EnvironmentName":"Production","MachineName":"PC_JEY","ThreadId":22}
[2026-01-22 23:15:22.484 +01:00 INF] HTTP GET /Settings responded 200 in 6.2587 ms {"SourceContext":"Serilog.AspNetCore.RequestLoggingMiddleware","RequestId":"0HNIQ0C4U8ALQ:00000015","ConnectionId":"0HNIQ0C4U8ALQ","EnvironmentName":"Production","MachineName":"PC_JEY","ThreadId":22}
[2026-01-22 23:15:38.689 +01:00 INF] HTTP POST /Settings/AddSite responded 302 in 55.5824 ms {"SourceContext":"Serilog.AspNetCore.RequestLoggingMiddleware","RequestId":"0HNIQ0C4U8ALQ:00000016","ConnectionId":"0HNIQ0C4U8ALQ","EnvironmentName":"Production","MachineName":"PC_JEY","ThreadId":25}
[2026-01-22 23:15:38.700 +01:00 INF] HTTP GET /Settings responded 200 in 5.8674 ms {"SourceContext":"Serilog.AspNetCore.RequestLoggingMiddleware","RequestId":"0HNIQ0C4U8ALQ:00000017","ConnectionId":"0HNIQ0C4U8ALQ","EnvironmentName":"Production","MachineName":"PC_JEY","ThreadId":28}
[2026-01-22 23:15:49.291 +01:00 INF] HTTP POST /Settings/RenameSite responded 302 in 33.3537 ms {"SourceContext":"Serilog.AspNetCore.RequestLoggingMiddleware","RequestId":"0HNIQ0C4U8ALQ:00000018","ConnectionId":"0HNIQ0C4U8ALQ","EnvironmentName":"Production","MachineName":"PC_JEY","ThreadId":28}
[2026-01-22 23:15:49.307 +01:00 INF] HTTP GET /Settings responded 200 in 7.3208 ms {"SourceContext":"Serilog.AspNetCore.RequestLoggingMiddleware","RequestId":"0HNIQ0C4U8ALQ:00000019","ConnectionId":"0HNIQ0C4U8ALQ","EnvironmentName":"Production","MachineName":"PC_JEY","ThreadId":25}
[2026-01-22 23:16:16.601 +01:00 INF] HTTP POST /Settings/AddSite responded 302 in 18.1515 ms {"SourceContext":"Serilog.AspNetCore.RequestLoggingMiddleware","RequestId":"0HNIQ0C4U8ALQ:0000001A","ConnectionId":"0HNIQ0C4U8ALQ","EnvironmentName":"Production","MachineName":"PC_JEY","ThreadId":25}
[2026-01-22 23:16:16.616 +01:00 INF] HTTP GET /Settings responded 200 in 6.0617 ms {"SourceContext":"Serilog.AspNetCore.RequestLoggingMiddleware","RequestId":"0HNIQ0C4U8ALQ:0000001B","ConnectionId":"0HNIQ0C4U8ALQ","EnvironmentName":"Production","MachineName":"PC_JEY","ThreadId":25}
[2026-01-22 23:16:27.986 +01:00 INF] HTTP POST /Settings/DeleteSite responded 302 in 64.4486 ms {"SourceContext":"Serilog.AspNetCore.RequestLoggingMiddleware","RequestId":"0HNIQ0C4U8ALQ:0000001C","ConnectionId":"0HNIQ0C4U8ALQ","EnvironmentName":"Production","MachineName":"PC_JEY","ThreadId":25}
[2026-01-22 23:16:28.001 +01:00 INF] HTTP GET /Settings responded 200 in 6.4486 ms {"SourceContext":"Serilog.AspNetCore.RequestLoggingMiddleware","RequestId":"0HNIQ0C4U8ALQ:0000001D","ConnectionId":"0HNIQ0C4U8ALQ","EnvironmentName":"Production","MachineName":"PC_JEY","ThreadId":29}
[2026-01-22 23:17:33.716 +01:00 INF] HTTP POST /Settings/CreateUser responded 302 in 38.6347 ms {"SourceContext":"Serilog.AspNetCore.RequestLoggingMiddleware","RequestId":"0HNIQ0C4U8ALQ:0000001E","ConnectionId":"0HNIQ0C4U8ALQ","EnvironmentName":"Production","MachineName":"PC_JEY","ThreadId":26}
[2026-01-22 23:17:33.728 +01:00 INF] HTTP GET /Settings responded 200 in 6.5501 ms {"SourceContext":"Serilog.AspNetCore.RequestLoggingMiddleware","RequestId":"0HNIQ0C4U8ALQ:0000001F","ConnectionId":"0HNIQ0C4U8ALQ","EnvironmentName":"Production","MachineName":"PC_JEY","ThreadId":31}
[2026-01-22 23:19:18.099 +01:00 INF] HTTP POST /Settings/CreateUser responded 302 in 320.0550 ms {"SourceContext":"Serilog.AspNetCore.RequestLoggingMiddleware","RequestId":"0HNIQ0C4U8ALQ:00000020","ConnectionId":"0HNIQ0C4U8ALQ","EnvironmentName":"Production","MachineName":"PC_JEY","ThreadId":36}
[2026-01-22 23:19:18.114 +01:00 INF] HTTP GET /Settings responded 200 in 7.1856 ms {"SourceContext":"Serilog.AspNetCore.RequestLoggingMiddleware","RequestId":"0HNIQ0C4U8ALQ:00000021","ConnectionId":"0HNIQ0C4U8ALQ","EnvironmentName":"Production","MachineName":"PC_JEY","ThreadId":34}
[2026-01-22 23:19:39.520 +01:00 INF] HTTP POST /Settings/UpdateSyncSettings responded 302 in 45.9365 ms {"SourceContext":"Serilog.AspNetCore.RequestLoggingMiddleware","RequestId":"0HNIQ0C4U8ALQ:00000022","ConnectionId":"0HNIQ0C4U8ALQ","EnvironmentName":"Production","MachineName":"PC_JEY","ThreadId":36}
[2026-01-22 23:19:39.536 +01:00 INF] HTTP GET /Settings responded 200 in 6.9256 ms {"SourceContext":"Serilog.AspNetCore.RequestLoggingMiddleware","RequestId":"0HNIQ0C4U8ALQ:00000023","ConnectionId":"0HNIQ0C4U8ALQ","EnvironmentName":"Production","MachineName":"PC_JEY","ThreadId":40}
[2026-01-22 23:19:53.092 +01:00 INF] HTTP GET / responded 200 in 364.3009 ms {"SourceContext":"Serilog.AspNetCore.RequestLoggingMiddleware","RequestId":"0HNIQ0C4U8ALQ:00000024","ConnectionId":"0HNIQ0C4U8ALQ","EnvironmentName":"Production","MachineName":"PC_JEY","ThreadId":36}
[2026-01-22 23:19:58.747 +01:00 INF] HTTP GET /Settings responded 200 in 7.3724 ms {"SourceContext":"Serilog.AspNetCore.RequestLoggingMiddleware","RequestId":"0HNIQ0C4U8ALQ:00000025","ConnectionId":"0HNIQ0C4U8ALQ","EnvironmentName":"Production","MachineName":"PC_JEY","ThreadId":36}
[2026-01-22 23:22:22.176 +01:00 INF] HTTP POST /Settings/UpdateOrganizationSettings responded 302 in 13.2288 ms {"SourceContext":"Serilog.AspNetCore.RequestLoggingMiddleware","RequestId":"0HNIQ0C4U8AM1:00000001","ConnectionId":"0HNIQ0C4U8AM1","EnvironmentName":"Production","MachineName":"PC_JEY","ThreadId":34}
[2026-01-22 23:22:22.188 +01:00 INF] HTTP GET /Settings responded 200 in 5.1951 ms {"SourceContext":"Serilog.AspNetCore.RequestLoggingMiddleware","RequestId":"0HNIQ0C4U8AM1:00000002","ConnectionId":"0HNIQ0C4U8AM1","EnvironmentName":"Production","MachineName":"PC_JEY","ThreadId":34}
[2026-01-22 23:22:29.063 +01:00 INF] HTTP GET /Settings responded 200 in 10.5679 ms {"SourceContext":"Serilog.AspNetCore.RequestLoggingMiddleware","RequestId":"0HNIQ0C4U8AM1:00000003","ConnectionId":"0HNIQ0C4U8AM1","EnvironmentName":"Production","MachineName":"PC_JEY","ThreadId":33}
[2026-01-22 23:22:29.314 +01:00 INF] HTTP GET /icon.png responded 200 in 8.9118 ms {"SourceContext":"Serilog.AspNetCore.RequestLoggingMiddleware","RequestId":"0HNIQ0C4U8AM1:00000004","ConnectionId":"0HNIQ0C4U8AM1","EnvironmentName":"Production","MachineName":"PC_JEY","ThreadId":31}
[2026-01-22 23:22:33.948 +01:00 INF] HTTP GET / responded 200 in 13.6429 ms {"SourceContext":"Serilog.AspNetCore.RequestLoggingMiddleware","RequestId":"0HNIQ0C4U8AM1:00000005","ConnectionId":"0HNIQ0C4U8AM1","EnvironmentName":"Production","MachineName":"PC_JEY","ThreadId":31}
[2026-01-22 23:22:37.893 +01:00 INF] HTTP GET /Formations responded 200 in 52.9068 ms {"SourceContext":"Serilog.AspNetCore.RequestLoggingMiddleware","RequestId":"0HNIQ0C4U8AM1:00000006","ConnectionId":"0HNIQ0C4U8AM1","EnvironmentName":"Production","MachineName":"PC_JEY","ThreadId":34}
[2026-01-22 23:22:42.459 +01:00 INF] HTTP GET /Formations/Create responded 200 in 153.3200 ms {"SourceContext":"Serilog.AspNetCore.RequestLoggingMiddleware","RequestId":"0HNIQ0C4U8AM1:00000007","ConnectionId":"0HNIQ0C4U8AM1","EnvironmentName":"Production","MachineName":"PC_JEY","ThreadId":34}
[2026-01-22 23:25:43.230 +01:00 INF] HTTP POST /Formations/Create responded 200 in 50.7838 ms {"SourceContext":"Serilog.AspNetCore.RequestLoggingMiddleware","RequestId":"0HNIQ0C4U8AM3:00000001","ConnectionId":"0HNIQ0C4U8AM3","EnvironmentName":"Production","MachineName":"PC_JEY","ThreadId":19}
[2026-01-22 23:25:48.339 +01:00 INF] HTTP POST /Formations/Create responded 200 in 11.9823 ms {"SourceContext":"Serilog.AspNetCore.RequestLoggingMiddleware","RequestId":"0HNIQ0C4U8AM3:00000002","ConnectionId":"0HNIQ0C4U8AM3","EnvironmentName":"Production","MachineName":"PC_JEY","ThreadId":22}
[2026-01-22 23:26:02.170 +01:00 INF] HTTP POST /Formations/Create responded 302 in 93.0435 ms {"SourceContext":"Serilog.AspNetCore.RequestLoggingMiddleware","RequestId":"0HNIQ0C4U8AM3:00000003","ConnectionId":"0HNIQ0C4U8AM3","EnvironmentName":"Production","MachineName":"PC_JEY","ThreadId":19}
[2026-01-22 23:26:02.286 +01:00 INF] HTTP GET /Formations/Details/1 responded 200 in 109.1585 ms {"SourceContext":"Serilog.AspNetCore.RequestLoggingMiddleware","RequestId":"0HNIQ0C4U8AM3:00000004","ConnectionId":"0HNIQ0C4U8AM3","EnvironmentName":"Production","MachineName":"PC_JEY","ThreadId":22}
[2026-01-22 23:26:08.112 +01:00 INF] HTTP GET /Sessions/Create responded 200 in 108.3027 ms {"SourceContext":"Serilog.AspNetCore.RequestLoggingMiddleware","RequestId":"0HNIQ0C4U8AM3:00000005","ConnectionId":"0HNIQ0C4U8AM3","EnvironmentName":"Production","MachineName":"PC_JEY","ThreadId":19}
[2026-01-22 23:27:25.448 +01:00 INF] HTTP GET /Clients responded 200 in 45.5767 ms {"SourceContext":"Serilog.AspNetCore.RequestLoggingMiddleware","RequestId":"0HNIQ0C4U8AM3:00000006","ConnectionId":"0HNIQ0C4U8AM3","EnvironmentName":"Production","MachineName":"PC_JEY","ThreadId":23}
[2026-01-22 23:27:28.349 +01:00 INF] HTTP GET /Clients/Create responded 200 in 67.1460 ms {"SourceContext":"Serilog.AspNetCore.RequestLoggingMiddleware","RequestId":"0HNIQ0C4U8AM3:00000007","ConnectionId":"0HNIQ0C4U8AM3","EnvironmentName":"Production","MachineName":"PC_JEY","ThreadId":16}
[2026-01-22 23:27:36.712 +01:00 INF] HTTP GET /Formations responded 200 in 24.2726 ms {"SourceContext":"Serilog.AspNetCore.RequestLoggingMiddleware","RequestId":"0HNIQ0C4U8AM3:00000008","ConnectionId":"0HNIQ0C4U8AM3","EnvironmentName":"Production","MachineName":"PC_JEY","ThreadId":18}
[2026-01-22 23:27:47.361 +01:00 INF] HTTP GET /Settings responded 200 in 8.3349 ms {"SourceContext":"Serilog.AspNetCore.RequestLoggingMiddleware","RequestId":"0HNIQ0C4U8AM3:00000009","ConnectionId":"0HNIQ0C4U8AM3","EnvironmentName":"Production","MachineName":"PC_JEY","ThreadId":18}
[2026-01-22 23:27:57.740 +01:00 INF] HTTP GET /Admin/Dashboard responded 200 in 226.5008 ms {"SourceContext":"Serilog.AspNetCore.RequestLoggingMiddleware","RequestId":"0HNIQ0C4U8AM3:0000000A","ConnectionId":"0HNIQ0C4U8AM3","EnvironmentName":"Production","MachineName":"PC_JEY","ThreadId":18}
[2026-01-22 23:28:08.376 +01:00 INF] HTTP GET /QualiopiUi responded 200 in 62.0027 ms {"SourceContext":"Serilog.AspNetCore.RequestLoggingMiddleware","RequestId":"0HNIQ0C4U8AM3:0000000B","ConnectionId":"0HNIQ0C4U8AM3","EnvironmentName":"Production","MachineName":"PC_JEY","ThreadId":16}
[2026-01-22 23:33:44.195 +01:00 INF] Démarrage de l'application FormatiX {"EnvironmentName":"Production","MachineName":"PC_JEY","ThreadId":2}
[2026-01-22 23:33:45.131 +01:00 INF] Base de données migrée avec succès {"SourceContext":"Program","EnvironmentName":"Production","MachineName":"PC_JEY","ThreadId":2}
[2026-01-22 23:33:45.466 +01:00 INF] Base de données initialisée avec succès {"SourceContext":"Program","EnvironmentName":"Production","MachineName":"PC_JEY","ThreadId":2}
[2026-01-22 23:33:45.467 +01:00 INF] Application FormatiX démarrée avec succès {"EnvironmentName":"Production","MachineName":"PC_JEY","ThreadId":2}
[2026-01-22 23:33:45.515 +01:00 INF] Now listening on: http://localhost:5000 {"EventId":{"Id":14,"Name":"ListeningOnAddress"},"SourceContext":"Microsoft.Hosting.Lifetime","EnvironmentName":"Production","MachineName":"PC_JEY","ThreadId":2}
[2026-01-22 23:33:45.517 +01:00 INF] Application started. Press Ctrl+C to shut down. {"SourceContext":"Microsoft.Hosting.Lifetime","EnvironmentName":"Production","MachineName":"PC_JEY","ThreadId":2}
[2026-01-22 23:33:45.517 +01:00 INF] Hosting environment: Production {"SourceContext":"Microsoft.Hosting.Lifetime","EnvironmentName":"Production","MachineName":"PC_JEY","ThreadId":2}
[2026-01-22 23:33:45.517 +01:00 INF] Content root path: C:\AI\Opagax {"SourceContext":"Microsoft.Hosting.Lifetime","EnvironmentName":"Production","MachineName":"PC_JEY","ThreadId":2}
[2026-01-22 23:34:06.114 +01:00 WRN] Failed to determine the https port for redirect. {"EventId":{"Id":3,"Name":"FailedToDeterminePort"},"SourceContext":"Microsoft.AspNetCore.HttpsPolicy.HttpsRedirectionMiddleware","RequestId":"0HNIQ0PCV89KC:00000001","RequestPath":"/Formations","ConnectionId":"0HNIQ0PCV89KC","EnvironmentName":"Production","MachineName":"PC_JEY","ThreadId":11}
[2026-01-22 23:34:06.468 +01:00 INF] HTTP GET /Formations responded 200 in 355.3844 ms {"SourceContext":"Serilog.AspNetCore.RequestLoggingMiddleware","RequestId":"0HNIQ0PCV89KC:00000001","ConnectionId":"0HNIQ0PCV89KC","EnvironmentName":"Production","MachineName":"PC_JEY","ThreadId":11}
[2026-01-22 23:34:10.265 +01:00 INF] HTTP GET /Sessions responded 200 in 122.2207 ms {"SourceContext":"Serilog.AspNetCore.RequestLoggingMiddleware","RequestId":"0HNIQ0PCV89KC:00000002","ConnectionId":"0HNIQ0PCV89KC","EnvironmentName":"Production","MachineName":"PC_JEY","ThreadId":8}
[2026-01-22 23:34:12.224 +01:00 INF] HTTP GET /Sessions/Create responded 200 in 180.0172 ms {"SourceContext":"Serilog.AspNetCore.RequestLoggingMiddleware","RequestId":"0HNIQ0PCV89KC:00000003","ConnectionId":"0HNIQ0PCV89KC","EnvironmentName":"Production","MachineName":"PC_JEY","ThreadId":8}
[2026-01-22 23:34:18.930 +01:00 INF] HTTP GET /Formations responded 200 in 6.1918 ms {"SourceContext":"Serilog.AspNetCore.RequestLoggingMiddleware","RequestId":"0HNIQ0PCV89KC:00000004","ConnectionId":"0HNIQ0PCV89KC","EnvironmentName":"Production","MachineName":"PC_JEY","ThreadId":11}
[2026-01-22 23:34:20.972 +01:00 INF] HTTP GET /Formations/Details/1 responded 200 in 66.5848 ms {"SourceContext":"Serilog.AspNetCore.RequestLoggingMiddleware","RequestId":"0HNIQ0PCV89KC:00000005","ConnectionId":"0HNIQ0PCV89KC","EnvironmentName":"Production","MachineName":"PC_JEY","ThreadId":8}
[2026-01-22 23:34:26.338 +01:00 INF] HTTP GET /Formations/Edit/1 responded 200 in 46.9141 ms {"SourceContext":"Serilog.AspNetCore.RequestLoggingMiddleware","RequestId":"0HNIQ0PCV89KC:00000006","ConnectionId":"0HNIQ0PCV89KC","EnvironmentName":"Production","MachineName":"PC_JEY","ThreadId":8}
[2026-01-22 23:34:41.202 +01:00 INF] HTTP GET /Settings responded 200 in 63.7029 ms {"SourceContext":"Serilog.AspNetCore.RequestLoggingMiddleware","RequestId":"0HNIQ0PCV89KC:00000007","ConnectionId":"0HNIQ0PCV89KC","EnvironmentName":"Production","MachineName":"PC_JEY","ThreadId":8}
[2026-01-22 23:34:51.070 +01:00 INF] HTTP GET /Settings responded 200 in 3.5297 ms {"SourceContext":"Serilog.AspNetCore.RequestLoggingMiddleware","RequestId":"0HNIQ0PCV89KC:00000008","ConnectionId":"0HNIQ0PCV89KC","EnvironmentName":"Production","MachineName":"PC_JEY","ThreadId":8}
[2026-01-22 23:34:51.213 +01:00 INF] HTTP GET /icon.png responded 200 in 8.7127 ms {"SourceContext":"Serilog.AspNetCore.RequestLoggingMiddleware","RequestId":"0HNIQ0PCV89KC:00000009","ConnectionId":"0HNIQ0PCV89KC","EnvironmentName":"Production","MachineName":"PC_JEY","ThreadId":6}
[2026-01-22 23:34:56.540 +01:00 INF] HTTP GET /Settings responded 200 in 4.8367 ms {"SourceContext":"Serilog.AspNetCore.RequestLoggingMiddleware","RequestId":"0HNIQ0PCV89KC:0000000A","ConnectionId":"0HNIQ0PCV89KC","EnvironmentName":"Production","MachineName":"PC_JEY","ThreadId":8}
[2026-01-22 23:46:22.693 +01:00 INF] Démarrage de l'application FormatiX {"EnvironmentName":"Development","MachineName":"PC_JEY","ThreadId":4}
[2026-01-22 23:46:23.141 +01:00 FTL] Application arrêtée de manière inattendue {"EnvironmentName":"Development","MachineName":"PC_JEY","ThreadId":4}
Microsoft.Extensions.Hosting.HostAbortedException: The host was aborted.
   at Microsoft.Extensions.Hosting.HostFactoryResolver.HostingListener.ThrowHostAborted()
   at Microsoft.Extensions.Hosting.HostFactoryResolver.HostingListener.OnNext(KeyValuePair`2 value)
   at System.Diagnostics.DiagnosticListener.Write(String name, Object value)
   at Microsoft.Extensions.Hosting.HostBuilder.ResolveHost(IServiceProvider serviceProvider, DiagnosticListener diagnosticListener)
   at Microsoft.Extensions.Hosting.HostApplicationBuilder.Build()
   at Microsoft.AspNetCore.Builder.WebApplicationBuilder.Build()
   at Program.<Main>$(String[] args) in C:\AI\Opagax\Program.cs:line 140
[2026-01-22 23:46:38.017 +01:00 INF] Démarrage de l'application FormatiX {"EnvironmentName":"Development","MachineName":"PC_JEY","ThreadId":4}
[2026-01-22 23:46:38.224 +01:00 FTL] Application arrêtée de manière inattendue {"EnvironmentName":"Development","MachineName":"PC_JEY","ThreadId":4}
Microsoft.Extensions.Hosting.HostAbortedException: The host was aborted.
   at Microsoft.Extensions.Hosting.HostFactoryResolver.HostingListener.ThrowHostAborted()
   at Microsoft.Extensions.Hosting.HostFactoryResolver.HostingListener.OnNext(KeyValuePair`2 value)
   at System.Diagnostics.DiagnosticListener.Write(String name, Object value)
   at Microsoft.Extensions.Hosting.HostBuilder.ResolveHost(IServiceProvider serviceProvider, DiagnosticListener diagnosticListener)
   at Microsoft.Extensions.Hosting.HostApplicationBuilder.Build()
   at Microsoft.AspNetCore.Builder.WebApplicationBuilder.Build()
   at Program.<Main>$(String[] args) in C:\AI\Opagax\Program.cs:line 140
[2026-01-22 23:46:49.147 +01:00 INF] Démarrage de l'application FormatiX {"EnvironmentName":"Development","MachineName":"PC_JEY","ThreadId":4}
[2026-01-22 23:46:49.312 +01:00 FTL] Application arrêtée de manière inattendue {"EnvironmentName":"Development","MachineName":"PC_JEY","ThreadId":4}
Microsoft.Extensions.Hosting.HostAbortedException: The host was aborted.
   at Microsoft.Extensions.Hosting.HostFactoryResolver.HostingListener.ThrowHostAborted()
   at Microsoft.Extensions.Hosting.HostFactoryResolver.HostingListener.OnNext(KeyValuePair`2 value)
   at System.Diagnostics.DiagnosticListener.Write(String name, Object value)
   at Microsoft.Extensions.Hosting.HostBuilder.ResolveHost(IServiceProvider serviceProvider, DiagnosticListener diagnosticListener)
   at Microsoft.Extensions.Hosting.HostApplicationBuilder.Build()
   at Microsoft.AspNetCore.Builder.WebApplicationBuilder.Build()
   at Program.<Main>$(String[] args) in C:\AI\Opagax\Program.cs:line 140
[2026-01-22 23:47:14.965 +01:00 INF] Démarrage de l'application FormatiX {"EnvironmentName":"Development","MachineName":"PC_JEY","ThreadId":4}
[2026-01-22 23:47:15.141 +01:00 FTL] Application arrêtée de manière inattendue {"EnvironmentName":"Development","MachineName":"PC_JEY","ThreadId":4}
Microsoft.Extensions.Hosting.HostAbortedException: The host was aborted.
   at Microsoft.Extensions.Hosting.HostFactoryResolver.HostingListener.ThrowHostAborted()
   at Microsoft.Extensions.Hosting.HostFactoryResolver.HostingListener.OnNext(KeyValuePair`2 value)
   at System.Diagnostics.DiagnosticListener.Write(String name, Object value)
   at Microsoft.Extensions.Hosting.HostBuilder.ResolveHost(IServiceProvider serviceProvider, DiagnosticListener diagnosticListener)
   at Microsoft.Extensions.Hosting.HostApplicationBuilder.Build()
   at Microsoft.AspNetCore.Builder.WebApplicationBuilder.Build()
   at Program.<Main>$(String[] args) in C:\AI\Opagax\Program.cs:line 140
[2026-01-22 23:49:54.255 +01:00 INF] Démarrage de l'application FormatiX {"EnvironmentName":"Production","MachineName":"PC_JEY","ThreadId":2}
[2026-01-22 23:49:55.851 +01:00 INF] Base de données migrée avec succès {"SourceContext":"Program","EnvironmentName":"Production","MachineName":"PC_JEY","ThreadId":2}
[2026-01-22 23:49:56.293 +01:00 INF] Base de données initialisée avec succès {"SourceContext":"Program","EnvironmentName":"Production","MachineName":"PC_JEY","ThreadId":2}
[2026-01-22 23:49:56.294 +01:00 INF] Application FormatiX démarrée avec succès {"EnvironmentName":"Production","MachineName":"PC_JEY","ThreadId":2}
[2026-01-22 23:49:56.379 +01:00 INF] Now listening on: http://localhost:5000 {"EventId":{"Id":14,"Name":"ListeningOnAddress"},"SourceContext":"Microsoft.Hosting.Lifetime","EnvironmentName":"Production","MachineName":"PC_JEY","ThreadId":2}
[2026-01-22 23:49:56.379 +01:00 INF] Application started. Press Ctrl+C to shut down. {"SourceContext":"Microsoft.Hosting.Lifetime","EnvironmentName":"Production","MachineName":"PC_JEY","ThreadId":2}
[2026-01-22 23:49:56.380 +01:00 INF] Hosting environment: Production {"SourceContext":"Microsoft.Hosting.Lifetime","EnvironmentName":"Production","MachineName":"PC_JEY","ThreadId":2}
[2026-01-22 23:49:56.380 +01:00 INF] Content root path: C:\AI\Opagax {"SourceContext":"Microsoft.Hosting.Lifetime","EnvironmentName":"Production","MachineName":"PC_JEY","ThreadId":2}
[2026-01-22 23:50:05.262 +01:00 WRN] Failed to determine the https port for redirect. {"EventId":{"Id":3,"Name":"FailedToDeterminePort"},"SourceContext":"Microsoft.AspNetCore.HttpsPolicy.HttpsRedirectionMiddleware","RequestId":"0HNIQ12AQSAV7:00000001","RequestPath":"/Settings","ConnectionId":"0HNIQ12AQSAV7","EnvironmentName":"Production","MachineName":"PC_JEY","ThreadId":6}
[2026-01-22 23:50:06.058 +01:00 INF] HTTP GET /Settings responded 200 in 796.2633 ms {"SourceContext":"Serilog.AspNetCore.RequestLoggingMiddleware","RequestId":"0HNIQ12AQSAV7:00000001","ConnectionId":"0HNIQ12AQSAV7","EnvironmentName":"Production","MachineName":"PC_JEY","ThreadId":6}
[2026-01-22 23:50:06.831 +01:00 INF] HTTP GET /icon.png responded 200 in 41.0750 ms {"SourceContext":"Serilog.AspNetCore.RequestLoggingMiddleware","RequestId":"0HNIQ12AQSAV7:00000002","ConnectionId":"0HNIQ12AQSAV7","EnvironmentName":"Production","MachineName":"PC_JEY","ThreadId":6}
[2026-01-22 23:50:08.009 +01:00 INF] HTTP GET /Formateurs responded 200 in 159.9675 ms {"SourceContext":"Serilog.AspNetCore.RequestLoggingMiddleware","RequestId":"0HNIQ12AQSAV7:00000003","ConnectionId":"0HNIQ12AQSAV7","EnvironmentName":"Production","MachineName":"PC_JEY","ThreadId":6}
[2026-01-22 23:51:10.295 +01:00 INF] HTTP GET /Formateurs/Create responded 200 in 124.1826 ms {"SourceContext":"Serilog.AspNetCore.RequestLoggingMiddleware","RequestId":"0HNIQ12AQSAV7:00000004","ConnectionId":"0HNIQ12AQSAV7","EnvironmentName":"Production","MachineName":"PC_JEY","ThreadId":8}
[2026-01-22 23:55:55.299 +01:00 INF] HTTP POST /Formateurs/Create responded 200 in 60.7288 ms {"SourceContext":"Serilog.AspNetCore.RequestLoggingMiddleware","RequestId":"0HNIQ12AQSAVA:00000001","ConnectionId":"0HNIQ12AQSAVA","EnvironmentName":"Production","MachineName":"PC_JEY","ThreadId":22}
[2026-01-22 23:56:57.770 +01:00 INF] HTTP POST /Formateurs/Create responded 200 in 12.7781 ms {"SourceContext":"Serilog.AspNetCore.RequestLoggingMiddleware","RequestId":"0HNIQ12AQSAVA:00000002","ConnectionId":"0HNIQ12AQSAVA","EnvironmentName":"Production","MachineName":"PC_JEY","ThreadId":25}
[2026-01-22 23:57:15.237 +01:00 INF] HTTP POST /Formateurs/Create responded 200 in 5.1549 ms {"SourceContext":"Serilog.AspNetCore.RequestLoggingMiddleware","RequestId":"0HNIQ12AQSAVA:00000003","ConnectionId":"0HNIQ12AQSAVA","EnvironmentName":"Production","MachineName":"PC_JEY","ThreadId":26}
[2026-01-22 23:57:20.526 +01:00 INF] HTTP GET /.well-known/appspecific/com.chrome.devtools.json responded 404 in 1.9394 ms {"SourceContext":"Serilog.AspNetCore.RequestLoggingMiddleware","RequestId":"0HNIQ12AQSAVA:00000004","ConnectionId":"0HNIQ12AQSAVA","EnvironmentName":"Production","MachineName":"PC_JEY","ThreadId":25}
[2026-01-22 23:57:23.662 +01:00 INF] HTTP POST /Formateurs/Create responded 200 in 6.5474 ms {"SourceContext":"Serilog.AspNetCore.RequestLoggingMiddleware","RequestId":"0HNIQ12AQSAVA:00000005","ConnectionId":"0HNIQ12AQSAVA","EnvironmentName":"Production","MachineName":"PC_JEY","ThreadId":25}
[2026-01-22 23:57:23.681 +01:00 INF] HTTP GET /.well-known/appspecific/com.chrome.devtools.json responded 404 in 0.5321 ms {"SourceContext":"Serilog.AspNetCore.RequestLoggingMiddleware","RequestId":"0HNIQ12AQSAVA:00000006","ConnectionId":"0HNIQ12AQSAVA","EnvironmentName":"Production","MachineName":"PC_JEY","ThreadId":25}
[2026-01-22 23:57:33.604 +01:00 INF] HTTP POST /Formateurs/Create responded 200 in 4.0410 ms {"SourceContext":"Serilog.AspNetCore.RequestLoggingMiddleware","RequestId":"0HNIQ12AQSAVA:00000007","ConnectionId":"0HNIQ12AQSAVA","EnvironmentName":"Production","MachineName":"PC_JEY","ThreadId":25}
[2026-01-22 23:57:33.623 +01:00 INF] HTTP GET /.well-known/appspecific/com.chrome.devtools.json responded 404 in 1.2645 ms {"SourceContext":"Serilog.AspNetCore.RequestLoggingMiddleware","RequestId":"0HNIQ12AQSAVA:00000008","ConnectionId":"0HNIQ12AQSAVA","EnvironmentName":"Production","MachineName":"PC_JEY","ThreadId":25}
[2026-01-22 23:57:37.744 +01:00 INF] HTTP GET /Formateurs responded 200 in 4.7515 ms {"SourceContext":"Serilog.AspNetCore.RequestLoggingMiddleware","RequestId":"0HNIQ12AQSAVA:00000009","ConnectionId":"0HNIQ12AQSAVA","EnvironmentName":"Production","MachineName":"PC_JEY","ThreadId":28}
[2026-01-22 23:57:37.774 +01:00 INF] HTTP GET /.well-known/appspecific/com.chrome.devtools.json responded 404 in 0.8442 ms {"SourceContext":"Serilog.AspNetCore.RequestLoggingMiddleware","RequestId":"0HNIQ12AQSAVA:0000000A","ConnectionId":"0HNIQ12AQSAVA","EnvironmentName":"Production","MachineName":"PC_JEY","ThreadId":28}
